Log file open, 04/07/20 15:07:30
LogWindows: Failed to load 'aqProf.dll' (GetLastError=126)
LogWindows: File 'aqProf.dll' does not exist
LogWindows: Failed to load 'VtuneApi.dll' (GetLastError=126)
LogWindows: File 'VtuneApi.dll' does not exist
LogWindows: Failed to load 'VtuneApi32e.dll' (GetLastError=126)
LogWindows: File 'VtuneApi32e.dll' does not exist
LogConsoleResponse: Display: Failed to find resolution value strings in scalability ini. Falling back to default.
LogInit: Display: Running engine for game: Vis_Nov
LogPakFile: Registered encryption key '00000000000000000000000000000000': 0 pak files mounted, 0 remain pending
LogPlatformFile: Not using cached read wrapper
LogTaskGraph: Started task graph with 5 named threads and 35 total threads with 3 sets of task threads.
LogStats: Stats thread started at 0.479054
LogD3D11RHI: Loaded GFSDK_Aftermath_Lib.x64.dll
LogICUInternationalization: ICU TimeZone Detection - Raw Offset: -6:00, Platform Override: ''
LogPluginManager: Mounting plugin Paper2D
LogPluginManager: Mounting plugin AISupport
LogPluginManager: Mounting plugin LightPropagationVolume
LogPluginManager: Mounting plugin ActorLayerUtilities
LogPluginManager: Mounting plugin AnimationSharing
LogPluginManager: Mounting plugin CLionSourceCodeAccess
LogPluginManager: Mounting plugin CodeLiteSourceCodeAccess
LogPluginManager: Mounting plugin GitSourceControl
LogPluginManager: Mounting plugin KDevelopSourceCodeAccess
LogPluginManager: Mounting plugin NullSourceCodeAccess
LogPluginManager: Mounting plugin PerforceSourceControl
LogPluginManager: Mounting plugin SubversionSourceControl
LogPluginManager: Mounting plugin UObjectPlugin
LogPluginManager: Mounting plugin VisualStudioCodeSourceCodeAccess
LogPluginManager: Mounting plugin VisualStudioSourceCodeAccess
LogPluginManager: Mounting plugin XCodeSourceCodeAccess
LogPluginManager: Mounting plugin AssetManagerEditor
LogPluginManager: Mounting plugin CryptoKeys
LogPluginManager: Mounting plugin DataValidation
LogPluginManager: Mounting plugin FacialAnimation
LogPluginManager: Mounting plugin GameplayTagsEditor
LogPluginManager: Mounting plugin MacGraphicsSwitching
LogPluginManager: Mounting plugin MaterialAnalyzer
LogPluginManager: Mounting plugin MobileLauncherProfileWizard
LogPluginManager: Mounting plugin PluginBrowser
LogPluginManager: Mounting plugin SpeedTreeImporter
LogPluginManager: Mounting plugin DatasmithContent
LogPluginManager: Mounting plugin VariantManagerContent
LogPluginManager: Mounting plugin AlembicImporter
LogPluginManager: Mounting plugin AppleImageUtils
LogPluginManager: Mounting plugin AppleVision
LogPluginManager: Mounting plugin BackChannel
LogPluginManager: Mounting plugin CharacterAI
LogPluginManager: Mounting plugin GeometryCache
LogPluginManager: Mounting plugin HTML5Networking
LogPluginManager: Mounting plugin ProxyLODPlugin
LogPluginManager: Mounting plugin SkeletalReduction
LogPluginManager: Mounting plugin MagicLeap
LogPluginManager: Mounting plugin MagicLeapMedia
LogPluginManager: Mounting plugin AndroidGoodies
LogPluginManager: Mounting plugin DlgSystem
LogPluginManager: Mounting plugin AndroidMedia
LogPluginManager: Mounting plugin AvfMedia
LogPluginManager: Mounting plugin ImgMedia
LogPluginManager: Mounting plugin LinearTimecode
LogPluginManager: Mounting plugin MediaCompositing
LogPluginManager: Mounting plugin MediaPlayerEditor
LogPluginManager: Mounting plugin WebMMedia
LogPluginManager: Mounting plugin WmfMedia
LogPluginManager: Mounting plugin TcpMessaging
LogPluginManager: Mounting plugin UdpMessaging
LogPluginManager: Mounting plugin ActorSequence
LogPluginManager: Mounting plugin LevelSequenceEditor
LogPluginManager: Mounting plugin MatineeToLevelSequence
LogPluginManager: Mounting plugin NetcodeUnitTest
LogPluginManager: Mounting plugin NUTUnrealEngine4
LogPluginManager: Mounting plugin OnlineSubsystemGooglePlay
LogPluginManager: Mounting plugin OnlineSubsystemIOS
LogPluginManager: Mounting plugin OnlineSubsystem
LogPluginManager: Mounting plugin OnlineSubsystemNull
LogPluginManager: Mounting plugin OnlineSubsystemUtils
LogPluginManager: Mounting plugin LauncherChunkInstaller
LogPluginManager: Mounting plugin AndroidDeviceProfileSelector
LogPluginManager: Mounting plugin AndroidMoviePlayer
LogPluginManager: Mounting plugin AndroidPermission
LogPluginManager: Mounting plugin AppleMoviePlayer
LogPluginManager: Mounting plugin ArchVisCharacter
LogPluginManager: Mounting plugin AudioCapture
LogPluginManager: Mounting plugin CableComponent
LogPluginManager: Mounting plugin CustomMeshComponent
LogPluginManager: Mounting plugin EditableMesh
LogPluginManager: Mounting plugin ExampleDeviceProfileSelector
LogPluginManager: Mounting plugin Firebase
LogPluginManager: Mounting plugin GoogleCloudMessaging
LogPluginManager: Mounting plugin IOSDeviceProfileSelector
LogPluginManager: Mounting plugin LinuxDeviceProfileSelector
LogPluginManager: Mounting plugin LocationServicesBPLibrary
LogPluginManager: Mounting plugin MobilePatchingUtils
LogPluginManager: Mounting plugin OculusVR
LogPluginManager: Mounting plugin PhysXVehicles
LogPluginManager: Mounting plugin ProceduralMeshComponent
LogPluginManager: Mounting plugin RuntimePhysXCooking
LogPluginManager: Mounting plugin SignificanceManager
LogPluginManager: Mounting plugin SteamVR
LogPluginManager: Mounting plugin WebMMoviePlayer
LogPluginManager: Mounting plugin WindowsMoviePlayer
LogInit: Using libcurl 7.55.1-DEV
LogInit:  - built for x86_64-pc-win32
LogInit:  - supports SSL with OpenSSL/1.1.1
LogInit:  - supports HTTP deflate (compression) using libz 1.2.8
LogInit:  - other features:
LogInit:      CURL_VERSION_SSL
LogInit:      CURL_VERSION_LIBZ
LogInit:      CURL_VERSION_IPV6
LogInit:      CURL_VERSION_ASYNCHDNS
LogInit:      CURL_VERSION_LARGEFILE
LogInit:      CURL_VERSION_IDN
LogInit:  CurlRequestOptions (configurable via config and command line):
LogInit:  - bVerifyPeer = true  - Libcurl will verify peer certificate
LogInit:  - bUseHttpProxy = false  - Libcurl will NOT use HTTP proxy
LogInit:  - bDontReuseConnections = false  - Libcurl will reuse connections
LogInit:  - MaxHostConnections = 16  - Libcurl will limit the number of connections to a host
LogInit:  - LocalHostAddr = Default
LogInit:  - BufferSize = 65536
LogInit: WinSock: version 1.1 (2.2), MaxSocks=32767, MaxUdp=65467
LogHMD: Failed initializing OVRPlugin 1.32.0
LogInit: Build: ++UE4+Release-4.22-CL-7053642
LogInit: Engine Version: 4.22.3-7053642+++UE4+Release-4.22
LogInit: Compatible Engine Version: 4.22.0-5660361+++UE4+Release-4.22
LogInit: Net CL: 5660361
LogInit: OS: Windows 10 (Release 1909) (), CPU: Intel(R) Core(TM) i7-9750H CPU @ 2.60GHz, GPU: Intel(R) UHD Graphics 630
LogInit: Compiled (64-bit): Jun 18 2019 03:09:11
LogInit: Compiled with Visual C++: 19.16.27025.01
LogInit: Build Configuration: Development
LogInit: Branch Name: ++UE4+Release-4.22
LogInit: Command Line:  -EpicPortal -epicusername=CommodoreWaddles -epicuserid=f0431e003f5d415f92574cd5ee10fff3 -epiclocale=en
LogInit: Base Directory: C:/Program Files/Epic Games/UE_4.22/Engine/Binaries/Win64/
LogInit: Installed Engine Build: 1
LogDevObjectVersion: Number of dev versions registered: 23
LogDevObjectVersion:   Dev-Blueprints (B0D832E4-1F89-4F0D-ACCF-7EB736FD4AA2): 10
LogDevObjectVersion:   Dev-Build (E1C64328-A22C-4D53-A36C-8E866417BD8C): 0
LogDevObjectVersion:   Dev-Core (375EC13C-06E4-48FB-B500-84F0262A717E): 3
LogDevObjectVersion:   Dev-Editor (E4B068ED-F494-42E9-A231-DA0B2E46BB41): 30
LogDevObjectVersion:   Dev-Framework (CFFC743F-43B0-4480-9391-14DF171D2073): 35
LogDevObjectVersion:   Dev-Mobile (B02B49B5-BB20-44E9-A304-32B752E40360): 2
LogDevObjectVersion:   Dev-Networking (A4E4105C-59A1-49B5-A7C5-40C4547EDFEE): 0
LogDevObjectVersion:   Dev-Online (39C831C9-5AE6-47DC-9A44-9C173E1C8E7C): 0
LogDevObjectVersion:   Dev-Physics (78F01B33-EBEA-4F98-B9B4-84EACCB95AA2): 0
LogDevObjectVersion:   Dev-Platform (6631380F-2D4D-43E0-8009-CF276956A95A): 0
LogDevObjectVersion:   Dev-Rendering (12F88B9F-8875-4AFC-A67C-D90C383ABD29): 28
LogDevObjectVersion:   Dev-Sequencer (7B5AE74C-D270-4C10-A958-57980B212A5A): 11
LogDevObjectVersion:   Dev-VR (D7296918-1DD6-4BDD-9DE2-64A83CC13884): 2
LogDevObjectVersion:   Dev-LoadTimes (C2A15278-BFE7-4AFE-6C17-90FF531DF755): 1
LogDevObjectVersion:   Private-Geometry (6EACA3D4-40EC-4CC1-B786-8BED09428FC5): 3
LogDevObjectVersion:   Dev-AnimPhys (29E575DD-E0A3-4627-9D10-D276232CDCEA): 17
LogDevObjectVersion:   Dev-Anim (AF43A65D-7FD3-4947-9873-3E8ED9C1BB05): 2
LogDevObjectVersion:   Dev-ReflectionCapture (6B266CEC-1EC7-4B8F-A30B-E4D90942FC07): 1
LogDevObjectVersion:   Dev-Automation (0DF73D61-A23F-47EA-B727-89E90C41499A): 1
LogDevObjectVersion:   FortniteMain (601D1886-AC64-4F84-AA16-D3DE0DEAC7D6): 25
LogDevObjectVersion:   Dev-Enterprise (9DFFBCD6-494F-0158-E221-12823C92A888): 6
LogDevObjectVersion:   Dev-Niagara (F2AED0AC-9AFE-416F-8664-AA7FFA26D6FC): 1
LogDevObjectVersion:   Dev-Destruction (174F1F0B-B4C6-45A5-B13F-2EE8D0FB917D): 2
LogInit: Presizing for max 16777216 objects, including 0 objects not considered by GC, pre-allocating 0 bytes for permanent pool.
LogInit: Object subsystem initialized
LogConfig: Setting CVar [[con.DebugEarlyDefault:1]]
LogConfig: Setting CVar [[r.setres:1280x720]]
[2020.04.07-20.07.31:317][  0]LogConfig: Setting CVar [[r.VSync:0]]
[2020.04.07-20.07.31:317][  0]LogConfig: Setting CVar [[r.RHICmdBypass:0]]
[2020.04.07-20.07.31:317][  0]LogConfig: Applying CVar settings from Section [/Script/Engine.RendererSettings] File [C:/Users/timmy/OneDrive/Documents/Unreal Projects/vis_nov_repo/Saved/Config/Windows/Engine.ini]
[2020.04.07-20.07.31:317][  0]LogConfig: Setting CVar [[r.GPUCrashDebugging:0]]
[2020.04.07-20.07.31:317][  0]LogConfig: Setting CVar [[r.DefaultFeature.AutoExposure.ExtendDefaultLuminanceRange:1]]
[2020.04.07-20.07.31:317][  0]LogConfig: Applying CVar settings from Section [/Script/Engine.RendererOverrideSettings] File [C:/Users/timmy/OneDrive/Documents/Unreal Projects/vis_nov_repo/Saved/Config/Windows/Engine.ini]
[2020.04.07-20.07.31:317][  0]LogConfig: Applying CVar settings from Section [/Script/Engine.StreamingSettings] File [C:/Users/timmy/OneDrive/Documents/Unreal Projects/vis_nov_repo/Saved/Config/Windows/Engine.ini]
[2020.04.07-20.07.31:317][  0]LogConfig: Setting CVar [[s.MinBulkDataSizeForAsyncLoading:131072]]
[2020.04.07-20.07.31:317][  0]LogConfig: Setting CVar [[s.AsyncLoadingThreadEnabled:0]]
[2020.04.07-20.07.31:317][  0]LogConfig: Setting CVar [[s.EventDrivenLoaderEnabled:1]]
[2020.04.07-20.07.31:317][  0]LogConfig: Setting CVar [[s.WarnIfTimeLimitExceeded:0]]
[2020.04.07-20.07.31:317][  0]LogConfig: Setting CVar [[s.TimeLimitExceededMultiplier:1.5]]
[2020.04.07-20.07.31:317][  0]LogConfig: Setting CVar [[s.TimeLimitExceededMinTime:0.005]]
[2020.04.07-20.07.31:317][  0]LogConfig: Setting CVar [[s.UseBackgroundLevelStreaming:1]]
[2020.04.07-20.07.31:318][  0]LogConfig: Setting CVar [[s.PriorityAsyncLoadingExtraTime:15.0]]
[2020.04.07-20.07.31:318][  0]LogConfig: Setting CVar [[s.LevelStreamingActorsUpdateTimeLimit:5.0]]
[2020.04.07-20.07.31:318][  0]LogConfig: Setting CVar [[s.PriorityLevelStreamingActorsUpdateExtraTime:5.0]]
[2020.04.07-20.07.31:318][  0]LogConfig: Setting CVar [[s.LevelStreamingComponentsRegistrationGranularity:10]]
[2020.04.07-20.07.31:318][  0]LogConfig: Setting CVar [[s.UnregisterComponentsTimeLimit:1.0]]
[2020.04.07-20.07.31:318][  0]LogConfig: Setting CVar [[s.LevelStreamingComponentsUnregistrationGranularity:5]]
[2020.04.07-20.07.31:318][  0]LogConfig: Applying CVar settings from Section [/Script/Engine.GarbageCollectionSettings] File [C:/Users/timmy/OneDrive/Documents/Unreal Projects/vis_nov_repo/Saved/Config/Windows/Engine.ini]
[2020.04.07-20.07.31:318][  0]LogConfig: Setting CVar [[gc.MaxObjectsNotConsideredByGC:1]]
[2020.04.07-20.07.31:318][  0]LogConfig: Setting CVar [[gc.SizeOfPermanentObjectPool:0]]
[2020.04.07-20.07.31:318][  0]LogConfig: Setting CVar [[gc.FlushStreamingOnGC:0]]
[2020.04.07-20.07.31:318][  0]LogConfig: Setting CVar [[gc.NumRetriesBeforeForcingGC:10]]
[2020.04.07-20.07.31:318][  0]LogConfig: Setting CVar [[gc.AllowParallelGC:1]]
[2020.04.07-20.07.31:318][  0]LogConfig: Setting CVar [[gc.TimeBetweenPurgingPendingKillObjects:61.1]]
[2020.04.07-20.07.31:318][  0]LogConfig: Setting CVar [[gc.MaxObjectsInEditor:16777216]]
[2020.04.07-20.07.31:318][  0]LogConfig: Setting CVar [[gc.IncrementalBeginDestroyEnabled:1]]
[2020.04.07-20.07.31:318][  0]LogConfig: Setting CVar [[gc.CreateGCClusters:1]]
[2020.04.07-20.07.31:318][  0]LogConfig: Setting CVar [[gc.MinGCClusterSize:5]]
[2020.04.07-20.07.31:318][  0]LogConfig: Setting CVar [[gc.ActorClusteringEnabled:0]]
[2020.04.07-20.07.31:318][  0]LogConfig: Setting CVar [[gc.BlueprintClusteringEnabled:0]]
[2020.04.07-20.07.31:318][  0]LogConfig: Setting CVar [[gc.UseDisregardForGCOnDedicatedServers:0]]
[2020.04.07-20.07.31:318][  0]LogConfig: Applying CVar settings from Section [/Script/Engine.NetworkSettings] File [C:/Users/timmy/OneDrive/Documents/Unreal Projects/vis_nov_repo/Saved/Config/Windows/Engine.ini]
[2020.04.07-20.07.31:318][  0]LogConfig: Applying CVar settings from Section [/Script/UnrealEd.CookerSettings] File [C:/Users/timmy/OneDrive/Documents/Unreal Projects/vis_nov_repo/Saved/Config/Windows/Engine.ini]
[2020.04.07-20.07.31:323][  0]LogConfig: Applying CVar settings from Section [ViewDistanceQuality@3] File [C:/Users/timmy/OneDrive/Documents/Unreal Projects/vis_nov_repo/Saved/Config/Windows/Scalability.ini]
[2020.04.07-20.07.31:323][  0]LogConfig: Setting CVar [[r.SkeletalMeshLODBias:0]]
[2020.04.07-20.07.31:323][  0]LogConfig: Setting CVar [[r.ViewDistanceScale:1.0]]
[2020.04.07-20.07.31:323][  0]LogConfig: Applying CVar settings from Section [AntiAliasingQuality@3] File [C:/Users/timmy/OneDrive/Documents/Unreal Projects/vis_nov_repo/Saved/Config/Windows/Scalability.ini]
[2020.04.07-20.07.31:323][  0]LogConfig: Setting CVar [[r.PostProcessAAQuality:4]]
[2020.04.07-20.07.31:323][  0]LogConfig: Applying CVar settings from Section [ShadowQuality@3] File [C:/Users/timmy/OneDrive/Documents/Unreal Projects/vis_nov_repo/Saved/Config/Windows/Scalability.ini]
[2020.04.07-20.07.31:323][  0]LogConfig: Setting CVar [[r.LightFunctionQuality:1]]
[2020.04.07-20.07.31:323][  0]LogConfig: Setting CVar [[r.ShadowQuality:5]]
[2020.04.07-20.07.31:323][  0]LogConfig: Setting CVar [[r.Shadow.CSM.MaxCascades:10]]
[2020.04.07-20.07.31:323][  0]LogConfig: Setting CVar [[r.Shadow.MaxResolution:2048]]
[2020.04.07-20.07.31:323][  0]LogConfig: Setting CVar [[r.Shadow.MaxCSMResolution:2048]]
[2020.04.07-20.07.31:323][  0]LogConfig: Setting CVar [[r.Shadow.RadiusThreshold:0.01]]
[2020.04.07-20.07.31:323][  0]LogConfig: Setting CVar [[r.Shadow.DistanceScale:1.0]]
[2020.04.07-20.07.31:323][  0]LogConfig: Setting CVar [[r.Shadow.CSM.TransitionScale:1.0]]
[2020.04.07-20.07.31:323][  0]LogConfig: Setting CVar [[r.Shadow.PreShadowResolutionFactor:1.0]]
[2020.04.07-20.07.31:323][  0]LogConfig: Setting CVar [[r.DistanceFieldShadowing:1]]
[2020.04.07-20.07.31:323][  0]LogConfig: Setting CVar [[r.DistanceFieldAO:1]]
[2020.04.07-20.07.31:323][  0]LogConfig: Setting CVar [[r.AOQuality:2]]
[2020.04.07-20.07.31:324][  0]LogConfig: Setting CVar [[r.VolumetricFog:1]]
[2020.04.07-20.07.31:324][  0]LogConfig: Setting CVar [[r.VolumetricFog.GridPixelSize:8]]
[2020.04.07-20.07.31:324][  0]LogConfig: Setting CVar [[r.VolumetricFog.GridSizeZ:128]]
[2020.04.07-20.07.31:324][  0]LogConfig: Setting CVar [[r.VolumetricFog.HistoryMissSupersampleCount:4]]
[2020.04.07-20.07.31:324][  0]LogConfig: Setting CVar [[r.LightMaxDrawDistanceScale:1]]
[2020.04.07-20.07.31:324][  0]LogConfig: Setting CVar [[r.CapsuleShadows:1]]
[2020.04.07-20.07.31:324][  0]LogConfig: Applying CVar settings from Section [PostProcessQuality@3] File [C:/Users/timmy/OneDrive/Documents/Unreal Projects/vis_nov_repo/Saved/Config/Windows/Scalability.ini]
[2020.04.07-20.07.31:324][  0]LogConfig: Setting CVar [[r.MotionBlurQuality:4]]
[2020.04.07-20.07.31:324][  0]LogConfig: Setting CVar [[r.AmbientOcclusionMipLevelFactor:0.4]]
[2020.04.07-20.07.31:324][  0]LogConfig: Setting CVar [[r.AmbientOcclusionMaxQuality:100]]
[2020.04.07-20.07.31:324][  0]LogConfig: Setting CVar [[r.AmbientOcclusionLevels:-1]]
[2020.04.07-20.07.31:324][  0]LogConfig: Setting CVar [[r.AmbientOcclusionRadiusScale:1.0]]
[2020.04.07-20.07.31:324][  0]LogConfig: Setting CVar [[r.DepthOfFieldQuality:2]]
[2020.04.07-20.07.31:324][  0]LogConfig: Setting CVar [[r.RenderTargetPoolMin:400]]
[2020.04.07-20.07.31:324][  0]LogConfig: Setting CVar [[r.LensFlareQuality:2]]
[2020.04.07-20.07.31:324][  0]LogConfig: Setting CVar [[r.SceneColorFringeQuality:1]]
[2020.04.07-20.07.31:324][  0]LogConfig: Setting CVar [[r.EyeAdaptationQuality:2]]
[2020.04.07-20.07.31:324][  0]LogConfig: Setting CVar [[r.BloomQuality:5]]
[2020.04.07-20.07.31:324][  0]LogConfig: Setting CVar [[r.FastBlurThreshold:100]]
[2020.04.07-20.07.31:324][  0]LogConfig: Setting CVar [[r.Upscale.Quality:3]]
[2020.04.07-20.07.31:324][  0]LogConfig: Setting CVar [[r.Tonemapper.GrainQuantization:1]]
[2020.04.07-20.07.31:324][  0]LogConfig: Setting CVar [[r.LightShaftQuality:1]]
[2020.04.07-20.07.31:324][  0]LogConfig: Setting CVar [[r.Filter.SizeScale:1]]
[2020.04.07-20.07.31:324][  0]LogConfig: Setting CVar [[r.Tonemapper.Quality:5]]
[2020.04.07-20.07.31:324][  0]LogConfig: Setting CVar [[r.DOF.Gather.AccumulatorQuality:1        ; higher gathering accumulator quality]]
[2020.04.07-20.07.31:324][  0]LogConfig: Setting CVar [[r.DOF.Gather.PostfilterMethod:1          ; Median3x3 postfilering method]]
[2020.04.07-20.07.31:324][  0]LogConfig: Setting CVar [[r.DOF.Gather.EnableBokehSettings:0       ; no bokeh simulation when gathering]]
[2020.04.07-20.07.31:324][  0]LogConfig: Setting CVar [[r.DOF.Gather.RingCount:4                 ; medium number of samples when gathering]]
[2020.04.07-20.07.31:324][  0]LogConfig: Setting CVar [[r.DOF.Scatter.ForegroundCompositing:1    ; additive foreground scattering]]
[2020.04.07-20.07.31:324][  0]LogConfig: Setting CVar [[r.DOF.Scatter.BackgroundCompositing:2    ; additive background scattering]]
[2020.04.07-20.07.31:324][  0]LogConfig: Setting CVar [[r.DOF.Scatter.EnableBokehSettings:1      ; bokeh simulation when scattering]]
[2020.04.07-20.07.31:324][  0]LogConfig: Setting CVar [[r.DOF.Scatter.MaxSpriteRatio:0.1         ; only a maximum of 10% of scattered bokeh]]
[2020.04.07-20.07.31:324][  0]LogConfig: Setting CVar [[r.DOF.Recombine.Quality:1                ; cheap slight out of focus]]
[2020.04.07-20.07.31:325][  0]LogConfig: Setting CVar [[r.DOF.Recombine.EnableBokehSettings:0    ; no bokeh simulation on slight out of focus]]
[2020.04.07-20.07.31:325][  0]LogConfig: Setting CVar [[r.DOF.TemporalAAQuality:1                ; more stable temporal accumulation]]
[2020.04.07-20.07.31:325][  0]LogConfig: Setting CVar [[r.DOF.Kernel.MaxForegroundRadius:0.025]]
[2020.04.07-20.07.31:325][  0]LogConfig: Setting CVar [[r.DOF.Kernel.MaxBackgroundRadius:0.025]]
[2020.04.07-20.07.31:325][  0]LogConfig: Applying CVar settings from Section [TextureQuality@3] File [C:/Users/timmy/OneDrive/Documents/Unreal Projects/vis_nov_repo/Saved/Config/Windows/Scalability.ini]
[2020.04.07-20.07.31:325][  0]LogConfig: Setting CVar [[r.Streaming.MipBias:0]]
[2020.04.07-20.07.31:325][  0]LogConfig: Setting CVar [[r.Streaming.AmortizeCPUToGPUCopy:0]]
[2020.04.07-20.07.31:325][  0]LogConfig: Setting CVar [[r.Streaming.MaxNumTexturesToStreamPerFrame:0]]
[2020.04.07-20.07.31:325][  0]LogConfig: Setting CVar [[r.Streaming.Boost:1]]
[2020.04.07-20.07.31:325][  0]LogConfig: Setting CVar [[r.MaxAnisotropy:8]]
[2020.04.07-20.07.31:325][  0]LogConfig: Setting CVar [[r.Streaming.LimitPoolSizeToVRAM:0]]
[2020.04.07-20.07.31:325][  0]LogConfig: Setting CVar [[r.Streaming.PoolSize:1000]]
[2020.04.07-20.07.31:325][  0]LogConfig: Setting CVar [[r.Streaming.MaxEffectiveScreenSize:0]]
[2020.04.07-20.07.31:325][  0]LogConfig: Applying CVar settings from Section [EffectsQuality@3] File [C:/Users/timmy/OneDrive/Documents/Unreal Projects/vis_nov_repo/Saved/Config/Windows/Scalability.ini]
[2020.04.07-20.07.31:325][  0]LogConfig: Setting CVar [[r.TranslucencyLightingVolumeDim:64]]
[2020.04.07-20.07.31:325][  0]LogConfig: Setting CVar [[r.RefractionQuality:2]]
[2020.04.07-20.07.31:325][  0]LogConfig: Setting CVar [[r.SSR.Quality:3]]
[2020.04.07-20.07.31:325][  0]LogConfig: Setting CVar [[r.SceneColorFormat:4]]
[2020.04.07-20.07.31:325][  0]LogConfig: Setting CVar [[r.DetailMode:2]]
[2020.04.07-20.07.31:325][  0]LogConfig: Setting CVar [[r.TranslucencyVolumeBlur:1]]
[2020.04.07-20.07.31:325][  0]LogConfig: Setting CVar [[r.MaterialQualityLevel:1 ; High quality]]
[2020.04.07-20.07.31:325][  0]LogConfig: Setting CVar [[r.SSS.Scale:1]]
[2020.04.07-20.07.31:325][  0]LogConfig: Setting CVar [[r.SSS.SampleSet:2]]
[2020.04.07-20.07.31:325][  0]LogConfig: Setting CVar [[r.SSS.Quality:1]]
[2020.04.07-20.07.31:325][  0]LogConfig: Setting CVar [[r.SSS.HalfRes:1]]
[2020.04.07-20.07.31:325][  0]LogConfig: Setting CVar [[r.EmitterSpawnRateScale:1.0]]
[2020.04.07-20.07.31:325][  0]LogConfig: Setting CVar [[r.ParticleLightQuality:2]]
[2020.04.07-20.07.31:325][  0]LogConfig: Applying CVar settings from Section [FoliageQuality@3] File [C:/Users/timmy/OneDrive/Documents/Unreal Projects/vis_nov_repo/Saved/Config/Windows/Scalability.ini]
[2020.04.07-20.07.31:325][  0]LogConfig: Setting CVar [[foliage.DensityScale:1.0]]
[2020.04.07-20.07.31:325][  0]LogConfig: Setting CVar [[grass.DensityScale:1.0]]
[2020.04.07-20.07.31:325][  0]LogInit: Selected Device Profile: [Windows]
[2020.04.07-20.07.31:326][  0]LogInit: Applying CVar settings loaded from the selected device profile: [Windows]
[2020.04.07-20.07.31:353][  0]LogHAL: Display: Platform has ~ 32 GB [34163499008 / 34359738368 / 32], which maps to Largest [LargestMinGB=32, LargerMinGB=12, DefaultMinGB=8, SmallerMinGB=6, SmallestMinGB=0)
[2020.04.07-20.07.31:353][  0]LogConfig: Setting CVar [[r.Vulkan.UseRealUBs:0		; Required until we fix HLR fall-out]]
[2020.04.07-20.07.31:353][  0]LogInit: Going up to parent DeviceProfile []
[2020.04.07-20.07.31:353][  0]LogConfig: Applying CVar settings from Section [ViewDistanceQuality@3] File [C:/Users/timmy/OneDrive/Documents/Unreal Projects/vis_nov_repo/Saved/Config/Windows/Scalability.ini]
[2020.04.07-20.07.31:353][  0]LogConfig: Setting CVar [[r.SkeletalMeshLODBias:0]]
[2020.04.07-20.07.31:353][  0]LogConfig: Setting CVar [[r.ViewDistanceScale:1.0]]
[2020.04.07-20.07.31:353][  0]LogConfig: Applying CVar settings from Section [AntiAliasingQuality@3] File [C:/Users/timmy/OneDrive/Documents/Unreal Projects/vis_nov_repo/Saved/Config/Windows/Scalability.ini]
[2020.04.07-20.07.31:353][  0]LogConfig: Setting CVar [[r.PostProcessAAQuality:4]]
[2020.04.07-20.07.31:353][  0]LogConfig: Applying CVar settings from Section [ShadowQuality@3] File [C:/Users/timmy/OneDrive/Documents/Unreal Projects/vis_nov_repo/Saved/Config/Windows/Scalability.ini]
[2020.04.07-20.07.31:353][  0]LogConfig: Setting CVar [[r.LightFunctionQuality:1]]
[2020.04.07-20.07.31:353][  0]LogConfig: Setting CVar [[r.ShadowQuality:5]]
[2020.04.07-20.07.31:354][  0]LogConfig: Setting CVar [[r.Shadow.CSM.MaxCascades:10]]
[2020.04.07-20.07.31:354][  0]LogConfig: Setting CVar [[r.Shadow.MaxResolution:2048]]
[2020.04.07-20.07.31:354][  0]LogConfig: Setting CVar [[r.Shadow.MaxCSMResolution:2048]]
[2020.04.07-20.07.31:354][  0]LogConfig: Setting CVar [[r.Shadow.RadiusThreshold:0.01]]
[2020.04.07-20.07.31:354][  0]LogConfig: Setting CVar [[r.Shadow.DistanceScale:1.0]]
[2020.04.07-20.07.31:354][  0]LogConfig: Setting CVar [[r.Shadow.CSM.TransitionScale:1.0]]
[2020.04.07-20.07.31:354][  0]LogConfig: Setting CVar [[r.Shadow.PreShadowResolutionFactor:1.0]]
[2020.04.07-20.07.31:354][  0]LogConfig: Setting CVar [[r.DistanceFieldShadowing:1]]
[2020.04.07-20.07.31:354][  0]LogConfig: Setting CVar [[r.DistanceFieldAO:1]]
[2020.04.07-20.07.31:354][  0]LogConfig: Setting CVar [[r.AOQuality:2]]
[2020.04.07-20.07.31:354][  0]LogConfig: Setting CVar [[r.VolumetricFog:1]]
[2020.04.07-20.07.31:354][  0]LogConfig: Setting CVar [[r.VolumetricFog.GridPixelSize:8]]
[2020.04.07-20.07.31:354][  0]LogConfig: Setting CVar [[r.VolumetricFog.GridSizeZ:128]]
[2020.04.07-20.07.31:354][  0]LogConfig: Setting CVar [[r.VolumetricFog.HistoryMissSupersampleCount:4]]
[2020.04.07-20.07.31:354][  0]LogConfig: Setting CVar [[r.LightMaxDrawDistanceScale:1]]
[2020.04.07-20.07.31:354][  0]LogConfig: Setting CVar [[r.CapsuleShadows:1]]
[2020.04.07-20.07.31:354][  0]LogConfig: Applying CVar settings from Section [PostProcessQuality@3] File [C:/Users/timmy/OneDrive/Documents/Unreal Projects/vis_nov_repo/Saved/Config/Windows/Scalability.ini]
[2020.04.07-20.07.31:354][  0]LogConfig: Setting CVar [[r.MotionBlurQuality:4]]
[2020.04.07-20.07.31:354][  0]LogConfig: Setting CVar [[r.AmbientOcclusionMipLevelFactor:0.4]]
[2020.04.07-20.07.31:354][  0]LogConfig: Setting CVar [[r.AmbientOcclusionMaxQuality:100]]
[2020.04.07-20.07.31:354][  0]LogConfig: Setting CVar [[r.AmbientOcclusionLevels:-1]]
[2020.04.07-20.07.31:354][  0]LogConfig: Setting CVar [[r.AmbientOcclusionRadiusScale:1.0]]
[2020.04.07-20.07.31:354][  0]LogConfig: Setting CVar [[r.DepthOfFieldQuality:2]]
[2020.04.07-20.07.31:354][  0]LogConfig: Setting CVar [[r.RenderTargetPoolMin:400]]
[2020.04.07-20.07.31:354][  0]LogConfig: Setting CVar [[r.LensFlareQuality:2]]
[2020.04.07-20.07.31:354][  0]LogConfig: Setting CVar [[r.SceneColorFringeQuality:1]]
[2020.04.07-20.07.31:354][  0]LogConfig: Setting CVar [[r.EyeAdaptationQuality:2]]
[2020.04.07-20.07.31:354][  0]LogConfig: Setting CVar [[r.BloomQuality:5]]
[2020.04.07-20.07.31:354][  0]LogConfig: Setting CVar [[r.FastBlurThreshold:100]]
[2020.04.07-20.07.31:354][  0]LogConfig: Setting CVar [[r.Upscale.Quality:3]]
[2020.04.07-20.07.31:354][  0]LogConfig: Setting CVar [[r.Tonemapper.GrainQuantization:1]]
[2020.04.07-20.07.31:354][  0]LogConfig: Setting CVar [[r.LightShaftQuality:1]]
[2020.04.07-20.07.31:354][  0]LogConfig: Setting CVar [[r.Filter.SizeScale:1]]
[2020.04.07-20.07.31:355][  0]LogConfig: Setting CVar [[r.Tonemapper.Quality:5]]
[2020.04.07-20.07.31:355][  0]LogConfig: Setting CVar [[r.DOF.Gather.AccumulatorQuality:1        ; higher gathering accumulator quality]]
[2020.04.07-20.07.31:355][  0]LogConfig: Setting CVar [[r.DOF.Gather.PostfilterMethod:1          ; Median3x3 postfilering method]]
[2020.04.07-20.07.31:355][  0]LogConfig: Setting CVar [[r.DOF.Gather.EnableBokehSettings:0       ; no bokeh simulation when gathering]]
[2020.04.07-20.07.31:355][  0]LogConfig: Setting CVar [[r.DOF.Gather.RingCount:4                 ; medium number of samples when gathering]]
[2020.04.07-20.07.31:355][  0]LogConfig: Setting CVar [[r.DOF.Scatter.ForegroundCompositing:1    ; additive foreground scattering]]
[2020.04.07-20.07.31:355][  0]LogConfig: Setting CVar [[r.DOF.Scatter.BackgroundCompositing:2    ; additive background scattering]]
[2020.04.07-20.07.31:355][  0]LogConfig: Setting CVar [[r.DOF.Scatter.EnableBokehSettings:1      ; bokeh simulation when scattering]]
[2020.04.07-20.07.31:355][  0]LogConfig: Setting CVar [[r.DOF.Scatter.MaxSpriteRatio:0.1         ; only a maximum of 10% of scattered bokeh]]
[2020.04.07-20.07.31:355][  0]LogConfig: Setting CVar [[r.DOF.Recombine.Quality:1                ; cheap slight out of focus]]
[2020.04.07-20.07.31:355][  0]LogConfig: Setting CVar [[r.DOF.Recombine.EnableBokehSettings:0    ; no bokeh simulation on slight out of focus]]
[2020.04.07-20.07.31:355][  0]LogConfig: Setting CVar [[r.DOF.TemporalAAQuality:1                ; more stable temporal accumulation]]
[2020.04.07-20.07.31:355][  0]LogConfig: Setting CVar [[r.DOF.Kernel.MaxForegroundRadius:0.025]]
[2020.04.07-20.07.31:355][  0]LogConfig: Setting CVar [[r.DOF.Kernel.MaxBackgroundRadius:0.025]]
[2020.04.07-20.07.31:355][  0]LogConfig: Applying CVar settings from Section [TextureQuality@3] File [C:/Users/timmy/OneDrive/Documents/Unreal Projects/vis_nov_repo/Saved/Config/Windows/Scalability.ini]
[2020.04.07-20.07.31:355][  0]LogConfig: Setting CVar [[r.Streaming.MipBias:0]]
[2020.04.07-20.07.31:355][  0]LogConfig: Setting CVar [[r.Streaming.AmortizeCPUToGPUCopy:0]]
[2020.04.07-20.07.31:355][  0]LogConfig: Setting CVar [[r.Streaming.MaxNumTexturesToStreamPerFrame:0]]
[2020.04.07-20.07.31:355][  0]LogConfig: Setting CVar [[r.Streaming.Boost:1]]
[2020.04.07-20.07.31:355][  0]LogConfig: Setting CVar [[r.MaxAnisotropy:8]]
[2020.04.07-20.07.31:355][  0]LogConfig: Setting CVar [[r.Streaming.LimitPoolSizeToVRAM:0]]
[2020.04.07-20.07.31:355][  0]LogConfig: Setting CVar [[r.Streaming.PoolSize:1000]]
[2020.04.07-20.07.31:355][  0]LogConfig: Setting CVar [[r.Streaming.MaxEffectiveScreenSize:0]]
[2020.04.07-20.07.31:355][  0]LogConfig: Applying CVar settings from Section [EffectsQuality@3] File [C:/Users/timmy/OneDrive/Documents/Unreal Projects/vis_nov_repo/Saved/Config/Windows/Scalability.ini]
[2020.04.07-20.07.31:355][  0]LogConfig: Setting CVar [[r.TranslucencyLightingVolumeDim:64]]
[2020.04.07-20.07.31:355][  0]LogConfig: Setting CVar [[r.RefractionQuality:2]]
[2020.04.07-20.07.31:355][  0]LogConfig: Setting CVar [[r.SSR.Quality:3]]
[2020.04.07-20.07.31:356][  0]LogConfig: Setting CVar [[r.SceneColorFormat:4]]
[2020.04.07-20.07.31:356][  0]LogConfig: Setting CVar [[r.DetailMode:2]]
[2020.04.07-20.07.31:356][  0]LogConfig: Setting CVar [[r.TranslucencyVolumeBlur:1]]
[2020.04.07-20.07.31:356][  0]LogConfig: Setting CVar [[r.MaterialQualityLevel:1 ; High quality]]
[2020.04.07-20.07.31:356][  0]LogConfig: Setting CVar [[r.SSS.Scale:1]]
[2020.04.07-20.07.31:356][  0]LogConfig: Setting CVar [[r.SSS.SampleSet:2]]
[2020.04.07-20.07.31:356][  0]LogConfig: Setting CVar [[r.SSS.Quality:1]]
[2020.04.07-20.07.31:356][  0]LogConfig: Setting CVar [[r.SSS.HalfRes:1]]
[2020.04.07-20.07.31:356][  0]LogConfig: Setting CVar [[r.EmitterSpawnRateScale:1.0]]
[2020.04.07-20.07.31:356][  0]LogConfig: Setting CVar [[r.ParticleLightQuality:2]]
[2020.04.07-20.07.31:356][  0]LogConfig: Applying CVar settings from Section [FoliageQuality@3] File [C:/Users/timmy/OneDrive/Documents/Unreal Projects/vis_nov_repo/Saved/Config/Windows/Scalability.ini]
[2020.04.07-20.07.31:356][  0]LogConfig: Setting CVar [[foliage.DensityScale:1.0]]
[2020.04.07-20.07.31:356][  0]LogConfig: Setting CVar [[grass.DensityScale:1.0]]
[2020.04.07-20.07.31:356][  0]LogConfig: Applying CVar settings from Section [Startup] File [../../../Engine/Config/ConsoleVariables.ini]
[2020.04.07-20.07.31:356][  0]LogConfig: Setting CVar [[net.UseAdaptiveNetUpdateFrequency:0]]
[2020.04.07-20.07.31:356][  0]LogConfig: Setting CVar [[p.chaos.AllowCreatePhysxBodies:1]]
[2020.04.07-20.07.31:357][  0]LogConfig: Applying CVar settings from Section [ConsoleVariables] File [C:/Users/timmy/OneDrive/Documents/Unreal Projects/vis_nov_repo/Saved/Config/Windows/Engine.ini]
[2020.04.07-20.07.31:357][  0]LogInit: Computer: DESKTOP-IMEHMVV
[2020.04.07-20.07.31:357][  0]LogInit: User: timmy
[2020.04.07-20.07.31:357][  0]LogInit: CPU Page size=4096, Cores=6
[2020.04.07-20.07.31:357][  0]LogInit: High frequency timer resolution =10.000000 MHz
[2020.04.07-20.07.31:357][  0]LogMemory: Memory total: Physical=31.8GB (32GB approx)
[2020.04.07-20.07.31:357][  0]LogMemory: Platform Memory Stats for Windows
[2020.04.07-20.07.31:357][  0]LogMemory: Process Physical Memory: 99.45 MB used, 99.45 MB peak
[2020.04.07-20.07.31:357][  0]LogMemory: Process Virtual Memory: 92.82 MB used, 92.82 MB peak
[2020.04.07-20.07.31:357][  0]LogMemory: Physical Memory: 10322.80 MB used,  22258.05 MB free, 32580.85 MB total
[2020.04.07-20.07.31:357][  0]LogMemory: Virtual Memory: 4676.41 MB used,  134213048.00 MB free, 134217728.00 MB total
[2020.04.07-20.07.31:390][  0]LogInit: Using OS detected language (en-US).
[2020.04.07-20.07.31:390][  0]LogInit: Using OS detected locale (en-US).
[2020.04.07-20.07.31:392][  0]LogTextLocalizationManager: No specific localization for 'en-US' exists, so the 'en' localization will be used.
[2020.04.07-20.07.31:700][  0]LogInit: Setting process to per monitor DPI aware
[2020.04.07-20.07.31:778][  0]LogSlate: New Slate User Created.  User Index 0, Is Virtual User: 0
[2020.04.07-20.07.31:778][  0]LogSlate: Slate User Registered.  User Index 0, Is Virtual User: 0
[2020.04.07-20.07.32:318][  0]LogHMD: Failed to initialize OpenVR with code 126
[2020.04.07-20.07.32:318][  0]LogD3D11RHI: D3D11 adapters:
[2020.04.07-20.07.32:481][  0]LogD3D11RHI:    0. 'NVIDIA GeForce RTX 2060' (Feature Level 11_0)
[2020.04.07-20.07.32:481][  0]LogD3D11RHI:       5980/0/16290 MB DedicatedVideo/DedicatedSystem/SharedSystem, Outputs:1, VendorId:0x10de
[2020.04.07-20.07.32:521][  0]LogD3D11RHI:    1. 'Intel(R) UHD Graphics 630' (Feature Level 11_0)
[2020.04.07-20.07.32:521][  0]LogD3D11RHI:       128/0/16290 MB DedicatedVideo/DedicatedSystem/SharedSystem, Outputs:0, VendorId:0x8086
[2020.04.07-20.07.32:527][  0]LogD3D11RHI:    2. 'Microsoft Basic Render Driver' (Feature Level 11_0)
[2020.04.07-20.07.32:527][  0]LogD3D11RHI:       0/0/16290 MB DedicatedVideo/DedicatedSystem/SharedSystem, Outputs:0, VendorId:0x1414
[2020.04.07-20.07.32:527][  0]LogD3D11RHI: Chosen D3D11 Adapter: 0
[2020.04.07-20.07.32:616][  0]LogD3D11RHI: Creating new Direct3DDevice
[2020.04.07-20.07.32:616][  0]LogD3D11RHI:     GPU DeviceId: 0x1f11 (for the marketing name, search the web for "GPU Device Id")
[2020.04.07-20.07.32:616][  0]LogWindows: EnumDisplayDevices:
[2020.04.07-20.07.32:617][  0]LogWindows:    0. 'Intel(R) UHD Graphics 630' (P:1 D:1)
[2020.04.07-20.07.32:617][  0]LogWindows:    1. 'Intel(R) UHD Graphics 630' (P:0 D:0)
[2020.04.07-20.07.32:618][  0]LogWindows:    2. 'Intel(R) UHD Graphics 630' (P:0 D:0)
[2020.04.07-20.07.32:619][  0]LogWindows:    3. 'NVIDIA GeForce RTX 2060' (P:0 D:0)
[2020.04.07-20.07.32:619][  0]LogWindows:    4. 'NVIDIA GeForce RTX 2060' (P:0 D:0)
[2020.04.07-20.07.32:620][  0]LogWindows:    5. 'NVIDIA GeForce RTX 2060' (P:0 D:0)
[2020.04.07-20.07.32:620][  0]LogWindows:    6. 'NVIDIA GeForce RTX 2060' (P:0 D:0)
[2020.04.07-20.07.32:621][  0]LogWindows: DebugString: PrimaryIsNotTheChoosenAdapter PrimaryIsNotTheChoosenAdapter PrimaryIsNotTheChoosenAdapter FoundDriverCount:4 
[2020.04.07-20.07.32:621][  0]LogD3D11RHI:     Adapter Name: NVIDIA GeForce RTX 2060
[2020.04.07-20.07.32:621][  0]LogD3D11RHI:   Driver Version: 441.45 (internal:26.21.14.4145, unified:441.45)
[2020.04.07-20.07.32:621][  0]LogD3D11RHI:      Driver Date: 11-26-2019
[2020.04.07-20.07.32:621][  0]LogRHI: Texture pool is 4186 MB (70% of 5980 MB)
[2020.04.07-20.07.32:730][  0]LogD3D11RHI: Async texture creation enabled
[2020.04.07-20.07.32:738][  0]LogRendererCore: FGlobalReadBuffer::InitRHI
[2020.04.07-20.07.32:739][  0]LogRendererCore: FGlobalReadBuffer::InitRHI
[2020.04.07-20.07.32:739][  0]LogRendererCore: FGlobalReadBuffer::InitRHI
[2020.04.07-20.07.32:754][  0]LogD3D11RHI: GPU Timing Frequency: 1000.000000 (Debug: 2 2)
[2020.04.07-20.07.33:402][  0]LogTemp: Display: Module 'AllDesktopTargetPlatform' loaded TargetPlatform 'AllDesktop'
[2020.04.07-20.07.33:434][  0]LogTemp: Display: Module 'MacClientTargetPlatform' loaded TargetPlatform 'MacClient'
[2020.04.07-20.07.33:471][  0]LogTemp: Display: Module 'MacNoEditorTargetPlatform' loaded TargetPlatform 'MacNoEditor'
[2020.04.07-20.07.33:506][  0]LogTemp: Display: Module 'MacServerTargetPlatform' loaded TargetPlatform 'MacServer'
[2020.04.07-20.07.33:543][  0]LogTemp: Display: Module 'MacTargetPlatform' loaded TargetPlatform 'Mac'
[2020.04.07-20.07.33:580][  0]LogTemp: Display: Module 'WindowsClientTargetPlatform' loaded TargetPlatform 'WindowsClient'
[2020.04.07-20.07.33:611][  0]LogTemp: Display: Module 'WindowsNoEditorTargetPlatform' loaded TargetPlatform 'WindowsNoEditor'
[2020.04.07-20.07.33:642][  0]LogTemp: Display: Module 'WindowsServerTargetPlatform' loaded TargetPlatform 'WindowsServer'
[2020.04.07-20.07.33:657][  0]LogTemp: Display: Module 'WindowsTargetPlatform' loaded TargetPlatform 'Windows'
[2020.04.07-20.07.33:844][  0]LogTemp: Display: Module 'AndroidTargetPlatform' loaded TargetPlatform 'Android'
[2020.04.07-20.07.33:844][  0]LogTemp: Display: Module 'AndroidTargetPlatform' loaded TargetPlatform 'Android_ASTC'
[2020.04.07-20.07.33:844][  0]LogTemp: Display: Module 'AndroidTargetPlatform' loaded TargetPlatform 'Android_ATC'
[2020.04.07-20.07.33:844][  0]LogTemp: Display: Module 'AndroidTargetPlatform' loaded TargetPlatform 'Android_DXT'
[2020.04.07-20.07.33:844][  0]LogTemp: Display: Module 'AndroidTargetPlatform' loaded TargetPlatform 'Android_ETC1'
[2020.04.07-20.07.33:844][  0]LogTemp: Display: Module 'AndroidTargetPlatform' loaded TargetPlatform 'Android_ETC1a'
[2020.04.07-20.07.33:844][  0]LogTemp: Display: Module 'AndroidTargetPlatform' loaded TargetPlatform 'Android_ETC2'
[2020.04.07-20.07.33:844][  0]LogTemp: Display: Module 'AndroidTargetPlatform' loaded TargetPlatform 'Android_PVRTC'
[2020.04.07-20.07.33:844][  0]LogTemp: Display: Module 'AndroidTargetPlatform' loaded TargetPlatform 'AndroidClient'
[2020.04.07-20.07.33:844][  0]LogTemp: Display: Module 'AndroidTargetPlatform' loaded TargetPlatform 'Android_ASTCClient'
[2020.04.07-20.07.33:844][  0]LogTemp: Display: Module 'AndroidTargetPlatform' loaded TargetPlatform 'Android_ATCClient'
[2020.04.07-20.07.33:844][  0]LogTemp: Display: Module 'AndroidTargetPlatform' loaded TargetPlatform 'Android_DXTClient'
[2020.04.07-20.07.33:844][  0]LogTemp: Display: Module 'AndroidTargetPlatform' loaded TargetPlatform 'Android_ETC1Client'
[2020.04.07-20.07.33:844][  0]LogTemp: Display: Module 'AndroidTargetPlatform' loaded TargetPlatform 'Android_ETC1aClient'
[2020.04.07-20.07.33:844][  0]LogTemp: Display: Module 'AndroidTargetPlatform' loaded TargetPlatform 'Android_ETC2Client'
[2020.04.07-20.07.33:844][  0]LogTemp: Display: Module 'AndroidTargetPlatform' loaded TargetPlatform 'Android_PVRTCClient'
[2020.04.07-20.07.33:844][  0]LogTemp: Display: Module 'AndroidTargetPlatform' loaded TargetPlatform 'Android_Multi'
[2020.04.07-20.07.33:844][  0]LogTemp: Display: Module 'AndroidTargetPlatform' loaded TargetPlatform 'Android_MultiClient'
[2020.04.07-20.07.33:848][  0]LogTemp: Display: Module 'HTML5TargetPlatform' loaded TargetPlatform 'HTML5'
[2020.04.07-20.07.33:931][  0]LogTemp: Display: Module 'IOSTargetPlatform' loaded TargetPlatform 'IOSClient'
[2020.04.07-20.07.33:931][  0]LogTemp: Display: Module 'IOSTargetPlatform' loaded TargetPlatform 'IOS'
[2020.04.07-20.07.33:982][  0]LogTemp: Display: Module 'TVOSTargetPlatform' loaded TargetPlatform 'TVOSClient'
[2020.04.07-20.07.33:982][  0]LogTemp: Display: Module 'TVOSTargetPlatform' loaded TargetPlatform 'TVOS'
[2020.04.07-20.07.34:008][  0]LogTemp: Display: Module 'LinuxClientTargetPlatform' loaded TargetPlatform 'LinuxClient'
[2020.04.07-20.07.34:035][  0]LogTemp: Display: Module 'LinuxNoEditorTargetPlatform' loaded TargetPlatform 'LinuxNoEditor'
[2020.04.07-20.07.34:062][  0]LogTemp: Display: Module 'LinuxServerTargetPlatform' loaded TargetPlatform 'LinuxServer'
[2020.04.07-20.07.34:090][  0]LogTemp: Display: Module 'LinuxTargetPlatform' loaded TargetPlatform 'Linux'
[2020.04.07-20.07.34:185][  0]LogTemp: Display: Module 'LuminTargetPlatform' loaded TargetPlatform 'Lumin'
[2020.04.07-20.07.34:185][  0]LogTemp: Display: Module 'LuminTargetPlatform' loaded TargetPlatform 'LuminClient'
[2020.04.07-20.07.34:185][  0]LogTargetPlatformManager: Display: Building Assets For Windows
[2020.04.07-20.07.34:202][  0]LogAudioDebug: Display: Lib vorbis DLL was dynamically loaded.
[2020.04.07-20.07.34:310][  0]LogShaderCompilers: Guid format shader working directory is -32 characters bigger than the processId version (../../../../../../Users/timmy/OneDrive/Documents/Unreal Projects/vis_nov_repo/Intermediate/Shaders/WorkingDirectory/15644/).
[2020.04.07-20.07.34:310][  0]LogShaderCompilers: Cleaned the shader compiler working directory 'C:/Users/timmy/AppData/Local/Temp/UnrealShaderWorkingDir/A3E2157A41260076E2B5368148F2A152/'.
[2020.04.07-20.07.34:315][  0]LogXGEController: Cannot use XGE Controller as Incredibuild is not installed on this machine.
[2020.04.07-20.07.34:315][  0]LogShaderCompilers: Cannot use XGE Shader Compiler as Incredibuild is not installed on this machine.
[2020.04.07-20.07.34:315][  0]LogShaderCompilers: Display: Using Local Shader Compiler.
[2020.04.07-20.07.35:479][  0]LogDerivedDataCache: Display: Max Cache Size: 512 MB
[2020.04.07-20.07.35:562][  0]LogDerivedDataCache: Loaded boot cache 0.08s 71MB C:/Users/timmy/AppData/Local/UnrealEngine/4.22/DerivedDataCache/Boot.ddc.
[2020.04.07-20.07.35:562][  0]LogDerivedDataCache: Display: Loaded Boot cache: C:/Users/timmy/AppData/Local/UnrealEngine/4.22/DerivedDataCache/Boot.ddc
[2020.04.07-20.07.35:562][  0]LogDerivedDataCache: FDerivedDataBackendGraph:  Pak pak cache file ../../../../../../Users/timmy/OneDrive/Documents/Unreal Projects/vis_nov_repo/DerivedDataCache/DDC.ddp not found, will not use a pak cache.
[2020.04.07-20.07.35:562][  0]LogDerivedDataCache: Unable to find inner node Pak for hierarchical cache Hierarchy.
[2020.04.07-20.07.35:562][  0]LogDerivedDataCache: FDerivedDataBackendGraph:  CompressedPak pak cache file ../../../../../../Users/timmy/OneDrive/Documents/Unreal Projects/vis_nov_repo/DerivedDataCache/Compressed.ddp not found, will not use a pak cache.
[2020.04.07-20.07.35:562][  0]LogDerivedDataCache: Unable to find inner node CompressedPak for hierarchical cache Hierarchy.
[2020.04.07-20.07.35:588][  0]LogDerivedDataCache: Display: Pak cache opened for reading ../../../Engine/DerivedDataCache/Compressed.ddp.
[2020.04.07-20.07.35:588][  0]LogDerivedDataCache: FDerivedDataBackendGraph:  EnterprisePak pak cache file ../../../Enterprise/DerivedDataCache/Compressed.ddp not found, will not use a pak cache.
[2020.04.07-20.07.35:588][  0]LogDerivedDataCache: Unable to find inner node EnterprisePak for hierarchical cache Hierarchy.
[2020.04.07-20.07.35:601][  0]LogDerivedDataCache: Using Local data cache path C:/Users/timmy/AppData/Local/UnrealEngine/Common/DerivedDataCache: Writable
[2020.04.07-20.07.35:601][  0]LogDerivedDataCache: Shared data cache path not found in *engine.ini, will not use an Shared cache.
[2020.04.07-20.07.35:601][  0]LogDerivedDataCache: Unable to find inner node Shared for hierarchical cache Hierarchy.
[2020.04.07-20.07.35:649][  0]LogMaterial: Verifying Global Shaders for PCD3D_SM5
[2020.04.07-20.07.35:651][  0]LogSlate: Using FreeType 2.6.0
[2020.04.07-20.07.35:652][  0]LogSlate: SlateFontServices - WITH_FREETYPE: 1, WITH_HARFBUZZ: 1
[2020.04.07-20.07.35:800][  0]LogAssetRegistry: FAssetRegistry took 0.0479 seconds to start up
[2020.04.07-20.07.36:496][  0]LogInit: Selected Device Profile: [Windows]
[2020.04.07-20.07.36:778][  0]LogMeshReduction: Using QuadricMeshReduction for automatic static mesh reduction
[2020.04.07-20.07.36:778][  0]LogMeshReduction: Using SimplygonMeshReduction for automatic skeletal mesh reduction
[2020.04.07-20.07.36:778][  0]LogMeshReduction: Using ProxyLODMeshReduction for automatic mesh merging
[2020.04.07-20.07.36:778][  0]LogMeshReduction: No distributed automatic mesh merging module available
[2020.04.07-20.07.36:778][  0]LogMeshMerging: No distributed automatic mesh merging module available
[2020.04.07-20.07.36:798][  0]LogNetVersion: Vis_Nov 1.0.0, NetCL: 5660361, EngineNetVer: 10, GameNetVer: 0 (Checksum: 2581934020)
[2020.04.07-20.07.37:623][  0]LogPackageLocalizationCache: Processed 11 localized package path(s) for 1 prioritized culture(s) in 0.082706 seconds
[2020.04.07-20.07.37:636][  0]LogUObjectArray: 42205 objects as part of root set at end of initial load.
[2020.04.07-20.07.37:636][  0]LogUObjectAllocator: 7325032 out of 0 bytes used by permanent object pool.
[2020.04.07-20.07.37:636][  0]LogUObjectArray: CloseDisregardForGC: 0/0 objects in disregard for GC pool
[2020.04.07-20.07.39:400][  0]LogDlgSystem: DlgSystemModule: StartupModule
[2020.04.07-20.07.39:464][  0]LogDlgSystemEditor: DlgSystemEditorModule: StartupModule
[2020.04.07-20.07.39:505][  0]LogTcpMessaging: Initializing TcpMessaging bridge
[2020.04.07-20.07.39:521][  0]LogUdpMessaging: Initializing bridge on interface 0.0.0.0:0 to multicast group 230.0.0.1:6666.
[2020.04.07-20.07.39:679][  0]SourceControl: Source control is disabled
[2020.04.07-20.07.39:680][  0]SourceControl: Source control is disabled
[2020.04.07-20.07.39:682][  0]SourceControl: Source control is disabled
[2020.04.07-20.07.39:685][  0]SourceControl: Source control is disabled
[2020.04.07-20.07.39:884][  0]LogAndroidPermission: UAndroidPermissionCallbackProxy::GetInstance
[2020.04.07-20.07.40:094][  0]LogOcInput: OculusInput pre-init called
[2020.04.07-20.07.41:478][  0]LogEngine: Initializing Engine...
[2020.04.07-20.07.41:536][  0]LogHMD: Failed to initialize OpenVR with code 126
[2020.04.07-20.07.41:539][  0]LogStats: UGameplayTagsManager::InitializeManager -  0.000 s
[2020.04.07-20.07.41:963][  0]LogInit: Initializing FReadOnlyCVARCache
[2020.04.07-20.07.41:984][  0]LogAIModule: Creating AISystem for world Untitled
[2020.04.07-20.07.42:043][  0]LogInit: XAudio2 using 'Speakers/Headphones (3- Realtek(R) Audio)' : 2 channels at 48 kHz using 32 bits per sample (channel mask 0x3)
[2020.04.07-20.07.42:143][  0]LogInit: FAudioDevice initialized.
[2020.04.07-20.07.42:144][  0]LogNetVersion: Set ProjectVersion to 1.0.0.0. Version Checksum will be recalculated on next use.
[2020.04.07-20.07.42:222][  0]LogDerivedDataCache: Saved boot cache 0.08s 71MB C:/Users/timmy/AppData/Local/UnrealEngine/4.22/DerivedDataCache/Boot.ddc.
[2020.04.07-20.07.42:236][  0]LogInit: Texture streaming: Enabled
[2020.04.07-20.07.42:273][  0]LogEngineSessionManager: EngineSessionManager initialized
[2020.04.07-20.07.42:315][  0]LogInit: Transaction tracking system initialized
[2020.04.07-20.07.42:363][  0]BlueprintLog: New page: Editor Load
[2020.04.07-20.07.42:529][  0]LocalizationService: Localization service is disabled
[2020.04.07-20.07.43:081][  0]LogFileCache: Scanning file cache for directory 'C:/Users/timmy/OneDrive/Documents/Unreal Projects/vis_nov_repo/Content/' took 0.01s
[2020.04.07-20.07.43:081][  0]LogCook: Display: Max memory allowance for cook 16384mb min free memory 0mb
[2020.04.07-20.07.43:081][  0]LogCook: Display: Mobile HDR setting 1
[2020.04.07-20.07.43:108][  0]LogDlgSystemEditor: DlgSystemEditorModule::HandleOnPostEngineInit
[2020.04.07-20.07.43:157][  0]LogDlgSystemEditor: UDlgManager::LoadAllDialoguesIntoMemory loaded 0 Dialogues into Memory
[2020.04.07-20.07.43:477][  0]SourceControl: Source control is disabled
[2020.04.07-20.07.43:477][  0]Cmd: MAP LOAD FILE="../../../../../../Users/timmy/OneDrive/Documents/Unreal Projects/vis_nov_repo/Content/levels/testing.umap" TEMPLATE=0 SHOWPROGRESS=1 FEATURELEVEL=3
[2020.04.07-20.07.43:487][  0]LightingResults: New page: Lighting Build
[2020.04.07-20.07.43:493][  0]MapCheck: New page: Map Check
[2020.04.07-20.07.43:493][  0]LightingResults: New page: Lighting Build
[2020.04.07-20.07.43:555][  0]LogUObjectHash: Compacting FUObjectHashTables data took   3.54ms
[2020.04.07-20.07.43:933][  0]LogAIModule: Creating AISystem for world testing
[2020.04.07-20.07.43:941][  0]LogEditorServer: Finished looking for orphan Actors (0.000 secs)
[2020.04.07-20.07.44:003][  0]LogUObjectHash: Compacting FUObjectHashTables data took   4.29ms
[2020.04.07-20.07.44:003][  0]Cmd: MAP CHECKDEP NOCLEARLOG
[2020.04.07-20.07.44:003][  0]MapCheck: Map check complete: 0 Error(s), 0 Warning(s), took 0.262ms to complete.
[2020.04.07-20.07.44:003][  0]LogFileHelpers: Loading map 'testing' took 0.526
[2020.04.07-20.07.44:222][  0]LogSlate: Updating window title bar state: overlay mode, drag disabled, window buttons hidden, title bar hidden
[2020.04.07-20.07.44:239][  0]LogSlate: Updating window title bar state: overlay mode, drag disabled, window buttons hidden, title bar hidden
[2020.04.07-20.07.44:254][  0]LogSlate: Updating window title bar state: overlay mode, drag disabled, window buttons hidden, title bar hidden
[2020.04.07-20.07.44:269][  0]LogSlate: Updating window title bar state: overlay mode, drag disabled, window buttons hidden, title bar hidden
[2020.04.07-20.07.44:294][  0]LogCollectionManager: Loaded 0 collections in 0.003450 seconds
[2020.04.07-20.07.44:331][  0]LogFileCache: Scanning file cache for directory 'C:/Users/timmy/OneDrive/Documents/Unreal Projects/vis_nov_repo/Saved/Collections/' took 0.01s
[2020.04.07-20.07.44:332][  0]LogFileCache: Scanning file cache for directory 'C:/Users/timmy/OneDrive/Documents/Unreal Projects/vis_nov_repo/Content/Developers/timmy/Collections/' took 0.00s
[2020.04.07-20.07.44:332][  0]LogFileCache: Scanning file cache for directory 'C:/Users/timmy/OneDrive/Documents/Unreal Projects/vis_nov_repo/Content/Collections/' took 0.00s
[2020.04.07-20.07.44:332][  0]LogCollectionManager: Rebuilt the GUID cache for 0 collections in 0.000001 seconds
[2020.04.07-20.07.44:351][  0]LogContentBrowser: Native class hierarchy populated in 0.0182 seconds. Added 2805 classes and 679 folders.
[2020.04.07-20.07.44:371][  0]LogContentBrowser: Native class hierarchy updated for 'WidgetCarousel' in 0.0004 seconds. Added 0 classes and 0 folders.
[2020.04.07-20.07.44:386][  0]LogPakFile: Registered encryption key '00000000000000000000000000000000': 0 pak files mounted, 0 remain pending
[2020.04.07-20.07.44:401][  0]LogPakFile: Registered encryption key '00000000000000000000000000000000': 0 pak files mounted, 0 remain pending
[2020.04.07-20.07.44:433][  0]LogPakFile: Registered encryption key '00000000000000000000000000000000': 0 pak files mounted, 0 remain pending
[2020.04.07-20.07.44:445][  0]LogPakFile: Registered encryption key '00000000000000000000000000000000': 0 pak files mounted, 0 remain pending
[2020.04.07-20.07.44:457][  0]LogPakFile: Registered encryption key '00000000000000000000000000000000': 0 pak files mounted, 0 remain pending
[2020.04.07-20.07.44:468][  0]LogPakFile: Registered encryption key '00000000000000000000000000000000': 0 pak files mounted, 0 remain pending
[2020.04.07-20.07.44:482][  0]LogPakFile: Registered encryption key '00000000000000000000000000000000': 0 pak files mounted, 0 remain pending
[2020.04.07-20.07.44:494][  0]LogPakFile: Registered encryption key '00000000000000000000000000000000': 0 pak files mounted, 0 remain pending
[2020.04.07-20.07.44:506][  0]LogPakFile: Registered encryption key '00000000000000000000000000000000': 0 pak files mounted, 0 remain pending
[2020.04.07-20.07.44:520][  0]LogPakFile: Registered encryption key '00000000000000000000000000000000': 0 pak files mounted, 0 remain pending
[2020.04.07-20.07.44:530][  0]LogPakFile: Registered encryption key '00000000000000000000000000000000': 0 pak files mounted, 0 remain pending
[2020.04.07-20.07.44:540][  0]LogPakFile: Registered encryption key '00000000000000000000000000000000': 0 pak files mounted, 0 remain pending
[2020.04.07-20.07.44:552][  0]LogPakFile: Registered encryption key '00000000000000000000000000000000': 0 pak files mounted, 0 remain pending
[2020.04.07-20.07.44:563][  0]LogPakFile: Registered encryption key '00000000000000000000000000000000': 0 pak files mounted, 0 remain pending
[2020.04.07-20.07.44:574][  0]LogPakFile: Registered encryption key '00000000000000000000000000000000': 0 pak files mounted, 0 remain pending
[2020.04.07-20.07.44:584][  0]LogPakFile: Registered encryption key '00000000000000000000000000000000': 0 pak files mounted, 0 remain pending
[2020.04.07-20.07.44:641][  0]LogPakFile: Registered encryption key '00000000000000000000000000000000': 0 pak files mounted, 0 remain pending
[2020.04.07-20.07.44:652][  0]LogPakFile: Registered encryption key '00000000000000000000000000000000': 0 pak files mounted, 0 remain pending
[2020.04.07-20.07.44:663][  0]LogPakFile: Registered encryption key '00000000000000000000000000000000': 0 pak files mounted, 0 remain pending
[2020.04.07-20.07.44:674][  0]LogPakFile: Registered encryption key '00000000000000000000000000000000': 0 pak files mounted, 0 remain pending
[2020.04.07-20.07.44:685][  0]LogPakFile: Registered encryption key '00000000000000000000000000000000': 0 pak files mounted, 0 remain pending
[2020.04.07-20.07.44:696][  0]LogPakFile: Registered encryption key '00000000000000000000000000000000': 0 pak files mounted, 0 remain pending
[2020.04.07-20.07.44:707][  0]LogPakFile: Registered encryption key '00000000000000000000000000000000': 0 pak files mounted, 0 remain pending
[2020.04.07-20.07.44:718][  0]LogPakFile: Registered encryption key '00000000000000000000000000000000': 0 pak files mounted, 0 remain pending
[2020.04.07-20.07.44:729][  0]LogPakFile: Registered encryption key '00000000000000000000000000000000': 0 pak files mounted, 0 remain pending
[2020.04.07-20.07.44:740][  0]LogPakFile: Registered encryption key '00000000000000000000000000000000': 0 pak files mounted, 0 remain pending
[2020.04.07-20.07.45:027][  0]LogContentBrowser: Native class hierarchy updated for 'AddContentDialog' in 0.0004 seconds. Added 0 classes and 0 folders.
[2020.04.07-20.07.45:045][  0]LogContentBrowser: Native class hierarchy updated for 'SceneOutliner' in 0.0005 seconds. Added 1 classes and 2 folders.
[2020.04.07-20.07.45:154][  0]LogContentBrowser: Native class hierarchy updated for 'HierarchicalLODOutliner' in 0.0007 seconds. Added 0 classes and 0 folders.
[2020.04.07-20.07.45:154][  0]LogLoad: (Engine Initialization) Total time: 17.59 seconds
[2020.04.07-20.07.45:154][  0]LogLoad: (Engine Initialization) Total Blueprint compile time: 0.00 seconds
[2020.04.07-20.07.45:226][  0]LogContentStreaming: Texture pool size now 1000 MB
[2020.04.07-20.07.45:229][  0]LogSlate: Took 0.000306 seconds to synchronously load lazily loaded font '../../../Engine/Content/Slate/Fonts/Roboto-Regular.ttf' (155K)
[2020.04.07-20.07.45:232][  0]LogSlate: Took 0.000221 seconds to synchronously load lazily loaded font '../../../Engine/Content/Slate/Fonts/Roboto-Bold.ttf' (160K)
[2020.04.07-20.07.45:252][  0]LogSlate: Took 0.011260 seconds to synchronously load lazily loaded font '../../../Engine/Content/Editor/Slate/Fonts/FontAwesome.ttf' (139K)
[2020.04.07-20.07.45:537][  0]LogRenderer: Reallocating scene render targets to support 388x360 Format 10 NumSamples 1 (Frame:1).
[2020.04.07-20.07.45:627][  0]LogSlate: Took 0.009941 seconds to synchronously load lazily loaded font '../../../Engine/Content/Slate/Fonts/Roboto-Light.ttf' (167K)
[2020.04.07-20.07.45:684][  1]LogAssetRegistry: Asset discovery search completed in 9.9067 seconds
[2020.04.07-20.07.45:689][  1]LogCollectionManager: Rebuilt the object cache for 0 collections in 0.000001 seconds (found 0 objects)
[2020.04.07-20.07.45:689][  1]LogCollectionManager: Fixed up redirectors for 0 collections in 0.000103 seconds (updated 0 objects)
[2020.04.07-20.08.06:176][323]LogRenderer: Reallocating scene render targets to support 764x460 Format 10 NumSamples 1 (Frame:4).
[2020.04.07-20.08.07:301][386]LogSlate: FSceneViewport::OnFocusLost() reason 0
[2020.04.07-20.08.07:433][394]LogTemp: Repeating last play command: New Editor Window (PIE)
[2020.04.07-20.08.07:464][394]LogBlueprintUserMessages: Early PlayInEditor Detection: Level '/Game/levels/testing.testing:PersistentLevel' has LevelScriptBlueprint '/Game/levels/testing.testing:PersistentLevel.testing' with GeneratedClass '/Game/levels/testing.testing_C' with ClassGeneratedBy '/Game/levels/testing.testing:PersistentLevel.testing'
[2020.04.07-20.08.07:464][394]LogDlgSystemEditor: Verbose: BeginPIE: Clearing Dialogue History
[2020.04.07-20.08.07:465][394]LogPlayLevel: PlayLevel: No blueprints needed recompiling
[2020.04.07-20.08.07:466][394]PIE: New page: PIE session: testing (Apr 7, 2020, 10:08:07 AM)
[2020.04.07-20.08.07:481][394]LogPlayLevel: Creating play world package: /Game/levels/UEDPIE_0_testing
[2020.04.07-20.08.07:487][394]LogPlayLevel: PIE: StaticDuplicateObject took: (0.006439s)
[2020.04.07-20.08.07:489][394]LogAIModule: Creating AISystem for world testing
[2020.04.07-20.08.07:489][394]LogPlayLevel: PIE: World Init took: (0.001040s)
[2020.04.07-20.08.07:489][394]LogPlayLevel: PIE: Created PIE world by copying editor world from /Game/levels/testing.testing to /Game/levels/UEDPIE_0_testing.testing (0.008395s)
[2020.04.07-20.08.07:546][394]LogUObjectHash: Compacting FUObjectHashTables data took   2.36ms
[2020.04.07-20.08.07:571][394]LogInit: XAudio2 using 'Speakers/Headphones (3- Realtek(R) Audio)' : 2 channels at 48 kHz using 32 bits per sample (channel mask 0x3)
[2020.04.07-20.08.07:659][394]LogInit: FAudioDevice initialized.
[2020.04.07-20.08.07:673][394]LogSlate: Updating window title bar state: overlay mode, drag disabled, window buttons hidden, title bar hidden
[2020.04.07-20.08.07:732][394]LogLoad: Game class is 'GameModeBase'
[2020.04.07-20.08.07:736][394]LogWorld: Bringing World /Game/levels/UEDPIE_0_testing.testing up for play (max tick rate 60) at 2020.04.07-15.08.07
[2020.04.07-20.08.07:736][394]LogWorld: Bringing up level for play took: 0.001184
[2020.04.07-20.08.07:764][394]LogContentBrowser: Native class hierarchy updated for 'MovieSceneCapture' in 0.0006 seconds. Added 20 classes and 0 folders.
[2020.04.07-20.08.07:779][394]PIE: Play in editor start time for /Game/levels/UEDPIE_0_testing 0.424
[2020.04.07-20.08.07:780][394]LogBlueprintUserMessages: Late PlayInEditor Detection: Level '/Game/levels/testing.testing:PersistentLevel' has LevelScriptBlueprint '/Game/levels/testing.testing:PersistentLevel.testing' with GeneratedClass '/Game/levels/testing.testing_C' with ClassGeneratedBy '/Game/levels/testing.testing:PersistentLevel.testing'
[2020.04.07-20.08.07:838][395]LogRenderer: Reallocating scene render targets to support 1016x544 Format 10 NumSamples 1 (Frame:1).
[2020.04.07-20.08.14:859][734]LogSlate: Window 'Vis_Nov Game Preview Standalone (64-bit/PCD3D_SM5)' being destroyed
[2020.04.07-20.08.14:866][734]LogBlueprintUserMessages: Early EndPlayMap Detection: Level '/Game/levels/testing.testing:PersistentLevel' has LevelScriptBlueprint '/Game/levels/testing.testing:PersistentLevel.testing' with GeneratedClass '/Game/levels/testing.testing_C' with ClassGeneratedBy '/Game/levels/testing.testing:PersistentLevel.testing'
[2020.04.07-20.08.14:896][734]LogPlayLevel: Display: Shutting down PIE online subsystems
[2020.04.07-20.08.14:896][734]LogBlueprintUserMessages: Late EndPlayMap Detection: Level '/Game/levels/testing.testing:PersistentLevel' has LevelScriptBlueprint '/Game/levels/testing.testing:PersistentLevel.testing' with GeneratedClass '/Game/levels/testing.testing_C' with ClassGeneratedBy '/Game/levels/testing.testing:PersistentLevel.testing'
[2020.04.07-20.08.14:966][734]LogUObjectHash: Compacting FUObjectHashTables data took   3.85ms
[2020.04.07-20.08.15:005][735]LogPlayLevel: Display: Destroying online subsystem :Context_1
[2020.04.07-20.08.26:326][410]LogSlate: Took 0.000381 seconds to synchronously load lazily loaded font '../../../Engine/Content/Slate/Fonts/Roboto-Light.ttf' (167K)
[2020.04.07-20.08.26:343][410]LogAssetEditorManager: Opening Asset editor for DlgDialogue /Game/diagolue/words.words
[2020.04.07-20.08.26:344][410]LogDlgSystemEditor: Clicked a Dialogue = `/Game/diagolue/words.words`
[2020.04.07-20.08.26:344][410]LogDlgSystem: Compiling Dialogue = `/Game/diagolue/words.words` (Graph data -> Dialogue data)`
[2020.04.07-20.08.26:539][410]LogSlate: Took 0.011641 seconds to synchronously load lazily loaded font '../../../Engine/Content/Slate/Fonts/Roboto-BoldCondensed.ttf' (158K)
[2020.04.07-20.08.34:159][851]Cmd: OBJ SAVEPACKAGE PACKAGE="/Game/diagolue/words" FILE="../../../../../../Users/timmy/OneDrive/Documents/Unreal Projects/vis_nov_repo/Content/diagolue/words.uasset" SILENT=true
[2020.04.07-20.08.34:186][851]LogDlgSystem: Compiling Dialogue = `/Game/diagolue/words.words` (Graph data -> Dialogue data)`
[2020.04.07-20.08.34:187][851]LogDlgSystem: Refreshing data for Dialogue = `/Game/diagolue/words.words`
[2020.04.07-20.08.34:216][851]LogSavePackage: Moving '../../../../../../Users/timmy/OneDrive/Documents/Unreal Projects/vis_nov_repo/Saved/words6A20C3B24E411EB93F4740941F68B82C.tmp' to '../../../../../../Users/timmy/OneDrive/Documents/Unreal Projects/vis_nov_repo/Content/diagolue/words.uasset'
[2020.04.07-20.08.36:620][990]LogSlate: Window 'words' being destroyed
[2020.04.07-20.08.36:628][990]LogSlate: Window 'words' being destroyed
[2020.04.07-20.08.37:402][ 35]LogTemp: Repeating last play command: New Editor Window (PIE)
[2020.04.07-20.08.37:430][ 35]LogBlueprintUserMessages: Early PlayInEditor Detection: Level '/Game/levels/testing.testing:PersistentLevel' has LevelScriptBlueprint '/Game/levels/testing.testing:PersistentLevel.testing' with GeneratedClass '/Game/levels/testing.testing_C' with ClassGeneratedBy '/Game/levels/testing.testing:PersistentLevel.testing'
[2020.04.07-20.08.37:430][ 35]LogDlgSystemEditor: Verbose: BeginPIE: Clearing Dialogue History
[2020.04.07-20.08.37:430][ 35]LogPlayLevel: PlayLevel: No blueprints needed recompiling
[2020.04.07-20.08.37:431][ 35]PIE: New page: PIE session: testing (Apr 7, 2020, 10:08:37 AM)
[2020.04.07-20.08.37:431][ 35]LogPlayLevel: Creating play world package: /Game/levels/UEDPIE_0_testing
[2020.04.07-20.08.37:438][ 35]LogPlayLevel: PIE: StaticDuplicateObject took: (0.006512s)
[2020.04.07-20.08.37:439][ 35]LogAIModule: Creating AISystem for world testing
[2020.04.07-20.08.37:439][ 35]LogPlayLevel: PIE: World Init took: (0.001044s)
[2020.04.07-20.08.37:439][ 35]LogPlayLevel: PIE: Created PIE world by copying editor world from /Game/levels/testing.testing to /Game/levels/UEDPIE_0_testing.testing (0.008343s)
[2020.04.07-20.08.37:493][ 35]LogUObjectHash: Compacting FUObjectHashTables data took   2.00ms
[2020.04.07-20.08.37:514][ 35]LogInit: XAudio2 using 'Speakers/Headphones (3- Realtek(R) Audio)' : 2 channels at 48 kHz using 32 bits per sample (channel mask 0x3)
[2020.04.07-20.08.37:601][ 35]LogInit: FAudioDevice initialized.
[2020.04.07-20.08.37:615][ 35]LogSlate: Updating window title bar state: overlay mode, drag disabled, window buttons hidden, title bar hidden
[2020.04.07-20.08.37:650][ 35]LogLoad: Game class is 'GameModeBase'
[2020.04.07-20.08.37:652][ 35]LogWorld: Bringing World /Game/levels/UEDPIE_0_testing.testing up for play (max tick rate 60) at 2020.04.07-15.08.37
[2020.04.07-20.08.37:652][ 35]LogWorld: Bringing up level for play took: 0.001109
[2020.04.07-20.08.37:670][ 35]PIE: Play in editor start time for /Game/levels/UEDPIE_0_testing 0.315
[2020.04.07-20.08.37:671][ 35]LogBlueprintUserMessages: Late PlayInEditor Detection: Level '/Game/levels/testing.testing:PersistentLevel' has LevelScriptBlueprint '/Game/levels/testing.testing:PersistentLevel.testing' with GeneratedClass '/Game/levels/testing.testing_C' with ClassGeneratedBy '/Game/levels/testing.testing:PersistentLevel.testing'
[2020.04.07-20.10.21:468][130]LogSlate: Window 'Vis_Nov Game Preview Standalone (64-bit/PCD3D_SM5)' being destroyed
[2020.04.07-20.10.21:481][130]LogBlueprintUserMessages: Early EndPlayMap Detection: Level '/Game/levels/testing.testing:PersistentLevel' has LevelScriptBlueprint '/Game/levels/testing.testing:PersistentLevel.testing' with GeneratedClass '/Game/levels/testing.testing_C' with ClassGeneratedBy '/Game/levels/testing.testing:PersistentLevel.testing'
[2020.04.07-20.10.21:515][130]LogPlayLevel: Display: Shutting down PIE online subsystems
[2020.04.07-20.10.21:516][130]LogBlueprintUserMessages: Late EndPlayMap Detection: Level '/Game/levels/testing.testing:PersistentLevel' has LevelScriptBlueprint '/Game/levels/testing.testing:PersistentLevel.testing' with GeneratedClass '/Game/levels/testing.testing_C' with ClassGeneratedBy '/Game/levels/testing.testing:PersistentLevel.testing'
[2020.04.07-20.10.21:589][130]LogUObjectHash: Compacting FUObjectHashTables data took   2.61ms
[2020.04.07-20.10.21:778][131]LogPlayLevel: Display: Destroying online subsystem :Context_2
[2020.04.07-20.10.26:715][367]LogAssetEditorManager: Opening Asset editor for DlgDialogue /Game/diagolue/words.words
[2020.04.07-20.10.26:715][367]LogDlgSystemEditor: Clicked a Dialogue = `/Game/diagolue/words.words`
[2020.04.07-20.10.48:631][666]Cmd: OBJ SAVEPACKAGE PACKAGE="/Game/diagolue/words" FILE="../../../../../../Users/timmy/OneDrive/Documents/Unreal Projects/vis_nov_repo/Content/diagolue/words.uasset" SILENT=true
[2020.04.07-20.10.48:647][666]LogDlgSystem: Compiling Dialogue = `/Game/diagolue/words.words` (Graph data -> Dialogue data)`
[2020.04.07-20.10.48:647][666]LogDlgSystem: Refreshing data for Dialogue = `/Game/diagolue/words.words`
[2020.04.07-20.10.48:676][666]LogSavePackage: Moving '../../../../../../Users/timmy/OneDrive/Documents/Unreal Projects/vis_nov_repo/Saved/wordsCF4D96E445491203B4C129B4ECEE972E.tmp' to '../../../../../../Users/timmy/OneDrive/Documents/Unreal Projects/vis_nov_repo/Content/diagolue/words.uasset'
[2020.04.07-20.10.49:736][728]LogSlate: Window 'words' being destroyed
[2020.04.07-20.10.49:742][728]LogSlate: Window 'words' being destroyed
[2020.04.07-20.10.51:736][840]LogUObjectHash: Compacting FUObjectHashTables data took   1.19ms
[2020.04.07-20.10.52:011][840]LogSavePackage: Moving '../../../../../../Users/timmy/OneDrive/Documents/Unreal Projects/vis_nov_repo/Saved/testingC3B00BE64EEBBA33A44504A7F3A51E03.tmp' to '../../../../../../Users/timmy/OneDrive/Documents/Unreal Projects/vis_nov_repo/Content/levels/testing.umap'
[2020.04.07-20.10.53:559][928]LogTemp: Repeating last play command: New Editor Window (PIE)
[2020.04.07-20.10.53:587][928]LogBlueprintUserMessages: Early PlayInEditor Detection: Level '/Game/levels/testing.testing:PersistentLevel' has LevelScriptBlueprint '/Game/levels/testing.testing:PersistentLevel.testing' with GeneratedClass '/Game/levels/testing.testing_C' with ClassGeneratedBy '/Game/levels/testing.testing:PersistentLevel.testing'
[2020.04.07-20.10.53:587][928]LogDlgSystemEditor: Verbose: BeginPIE: Clearing Dialogue History
[2020.04.07-20.10.53:587][928]LogPlayLevel: PlayLevel: No blueprints needed recompiling
[2020.04.07-20.10.53:587][928]PIE: New page: PIE session: testing (Apr 7, 2020, 10:10:53 AM)
[2020.04.07-20.10.53:587][928]LogPlayLevel: Creating play world package: /Game/levels/UEDPIE_0_testing
[2020.04.07-20.10.53:594][928]LogPlayLevel: PIE: StaticDuplicateObject took: (0.006288s)
[2020.04.07-20.10.53:595][928]LogAIModule: Creating AISystem for world testing
[2020.04.07-20.10.53:595][928]LogPlayLevel: PIE: World Init took: (0.001309s)
[2020.04.07-20.10.53:595][928]LogPlayLevel: PIE: Created PIE world by copying editor world from /Game/levels/testing.testing to /Game/levels/UEDPIE_0_testing.testing (0.007887s)
[2020.04.07-20.10.53:653][928]LogUObjectHash: Compacting FUObjectHashTables data took   4.02ms
[2020.04.07-20.10.53:673][928]LogInit: XAudio2 using 'Speakers/Headphones (3- Realtek(R) Audio)' : 2 channels at 48 kHz using 32 bits per sample (channel mask 0x3)
[2020.04.07-20.10.53:761][928]LogInit: FAudioDevice initialized.
[2020.04.07-20.10.53:778][928]LogSlate: Updating window title bar state: overlay mode, drag disabled, window buttons hidden, title bar hidden
[2020.04.07-20.10.53:816][928]LogLoad: Game class is 'GameModeBase'
[2020.04.07-20.10.53:817][928]LogWorld: Bringing World /Game/levels/UEDPIE_0_testing.testing up for play (max tick rate 60) at 2020.04.07-15.10.53
[2020.04.07-20.10.53:818][928]LogWorld: Bringing up level for play took: 0.001135
[2020.04.07-20.10.53:836][928]PIE: Play in editor start time for /Game/levels/UEDPIE_0_testing 0.481
[2020.04.07-20.10.53:836][928]LogBlueprintUserMessages: Late PlayInEditor Detection: Level '/Game/levels/testing.testing:PersistentLevel' has LevelScriptBlueprint '/Game/levels/testing.testing:PersistentLevel.testing' with GeneratedClass '/Game/levels/testing.testing_C' with ClassGeneratedBy '/Game/levels/testing.testing:PersistentLevel.testing'
[2020.04.07-20.15.18:283][617]LogAssetEditorManager: Opening Asset editor for LevelScriptBlueprint /Game/levels/testing.testing:PersistentLevel.testing
[2020.04.07-20.15.19:043][617]LogContentBrowser: Native class hierarchy updated for 'BlueprintGraph' in 0.0011 seconds. Added 121 classes and 0 folders.
[2020.04.07-20.15.20:892][618]LogSlate: Took 0.010448 seconds to synchronously load lazily loaded font '../../../Engine/Content/Slate/Fonts/Roboto-Italic.ttf' (157K)
[2020.04.07-20.15.22:281][688]LogBlueprintUserMessages: Early EndPlayMap Detection: Level '/Game/levels/testing.testing:PersistentLevel' has LevelScriptBlueprint '/Game/levels/testing.testing:PersistentLevel.testing' with GeneratedClass '/Game/levels/testing.testing_C' with ClassGeneratedBy '/Game/levels/testing.testing:PersistentLevel.testing'
[2020.04.07-20.15.22:282][688]LogSlate: Updating window title bar state: overlay mode, drag disabled, window buttons hidden, title bar hidden
[2020.04.07-20.15.22:312][688]LogSlate: Window 'Vis_Nov Game Preview Standalone (64-bit/PCD3D_SM5)' being destroyed
[2020.04.07-20.15.22:353][688]LogPlayLevel: Display: Shutting down PIE online subsystems
[2020.04.07-20.15.22:353][688]LogBlueprintUserMessages: Late EndPlayMap Detection: Level '/Game/levels/testing.testing:PersistentLevel' has LevelScriptBlueprint '/Game/levels/testing.testing:PersistentLevel.testing' with GeneratedClass '/Game/levels/testing.testing_C' with ClassGeneratedBy '/Game/levels/testing.testing:PersistentLevel.testing'
[2020.04.07-20.15.22:446][688]LogUObjectHash: Compacting FUObjectHashTables data took   6.62ms
[2020.04.07-20.15.22:552][689]LogPlayLevel: Display: Destroying online subsystem :Context_3
[2020.04.07-20.15.43:843][884]LogAssetEditorManager: Opening Asset editor for Blueprint /Game/npc/talker.talker
[2020.04.07-20.15.57:581][593]LogSlate: Window 'talker' being destroyed
[2020.04.07-20.15.57:589][593]LogSlate: Window 'talker' being destroyed
[2020.04.07-20.16.31:715][362]LogAssetEditorManager: Opening Asset editor for WidgetBlueprint /Game/UI/mainMenu.mainMenu
[2020.04.07-20.16.32:292][362]LogBlueprintActionDatabase: Requesting refresh due to module change: SequencerWidgets (loaded)
[2020.04.07-20.16.45:767][957]LogAssetEditorManager: Opening Asset editor for WidgetBlueprint /Game/UI/w_dialogue.w_dialogue
[2020.04.07-20.28.35:905][780]LogD3D11RHI: Timed out while waiting for GPU to catch up. (500 ms)
[2020.04.07-20.28.36:753][782]LogHttp: Warning: 000001668FCE2D40: request failed, libcurl error: 56 (Failure when receiving data from the peer)
[2020.04.07-20.28.36:753][782]LogHttp: Warning: 000001668FCE2D40: libcurl info message cache 0 (Found bundle for host datarouter.ol.epicgames.com: 0x16630eb3f70 [can pipeline])
[2020.04.07-20.28.36:754][782]LogHttp: Warning: 000001668FCE2D40: libcurl info message cache 1 (Re-using existing connection! (#4) with host datarouter.ol.epicgames.com)
[2020.04.07-20.28.36:754][782]LogHttp: Warning: 000001668FCE2D40: libcurl info message cache 2 (Connected to datarouter.ol.epicgames.com (54.209.114.12) port 443 (#4))
[2020.04.07-20.28.36:754][782]LogHttp: Warning: 000001668FCE2D40: libcurl info message cache 3 (We are completely uploaded and fine)
[2020.04.07-20.28.36:754][782]LogHttp: Warning: 000001668FCE2D40: libcurl info message cache 4 (OpenSSL SSL_read: SSL_ERROR_SYSCALL, errno 10054)
[2020.04.07-20.28.36:754][782]LogHttp: Warning: 000001668FCE2D40: libcurl info message cache 5 (Connection died, retrying a fresh connect)
[2020.04.07-20.28.36:754][782]LogHttp: Warning: 000001668FCE2D40: libcurl info message cache 6 (necessary data rewind wasn't possible)
[2020.04.07-20.28.36:754][782]LogHttp: Warning: 000001668FCE2D40: libcurl info message cache 7 (Closing connection 4)
[2020.04.07-20.28.36:754][782]LogHttp: Warning: Retry exhausted on https://datarouter.ol.epicgames.com/datarouter/api/v1/public/data?SessionID=%7BDBD404EF-4221-7FB4-93C9-AFA79952172C%7D&AppID=UEEditor.Rocket.Release&AppVersion=4.22.3-7053642%2B%2B%2BUE4%2BRelease-4.22&UserID=90db1e1747a376a46c333887c1a61995%7Cf0431e003f5d415f92574cd5ee10fff3%7C26dae8d8-e8cf-4c08-bb5b-068e3505f604&AppEnvironment=datacollector-binary&UploadType=eteventstream
[2020.04.07-20.28.40:784][793]LogUnrealEdMisc: Warning: Heartbeat event firing too frequently (7.198 sec). This should never happen. Something is wrong with the timer delegate!
[2020.04.07-20.40.40:520][ 56]LogSlate: Window 'mainMenu' being destroyed
[2020.04.07-20.40.40:536][ 56]LogSlate: Window 'mainMenu' being destroyed
[2020.04.07-20.40.44:027][189]LogSlate: Window 'testing' being destroyed
[2020.04.07-20.40.44:043][189]LogSlate: Window 'testing' being destroyed
[2020.04.07-20.40.48:008][595]LogAssetEditorManager: Opening Asset editor for WidgetBlueprint /Game/UI/mainMenu.mainMenu
[2020.04.07-20.40.50:590][760]LogSlate: Took 0.013352 seconds to synchronously load lazily loaded font '../../../Engine/Content/Slate/Fonts/DroidSansFallback.ttf' (3848K)
[2020.04.07-20.55.40:117][847]BlueprintLog: New page: Compile w_dialogue
[2020.04.07-20.55.40:213][847]LogUObjectHash: Compacting FUObjectHashTables data took   5.33ms
[2020.04.07-20.55.40:776][898]Cmd: OBJ SAVEPACKAGE PACKAGE="/Game/UI/w_dialogue" FILE="../../../../../../Users/timmy/OneDrive/Documents/Unreal Projects/vis_nov_repo/Content/UI/w_dialogue.uasset" SILENT=true
[2020.04.07-20.55.40:849][898]LogSavePackage: Moving '../../../../../../Users/timmy/OneDrive/Documents/Unreal Projects/vis_nov_repo/Saved/w_dialogue501BD1394C60F3DC216400B50EFA9993.tmp' to '../../../../../../Users/timmy/OneDrive/Documents/Unreal Projects/vis_nov_repo/Content/UI/w_dialogue.uasset'
[2020.04.07-20.55.42:561][ 78]LogTemp: Repeating last play command: New Editor Window (PIE)
[2020.04.07-20.55.42:590][ 78]LogBlueprintUserMessages: Early PlayInEditor Detection: Level '/Game/levels/testing.testing:PersistentLevel' has LevelScriptBlueprint '/Game/levels/testing.testing:PersistentLevel.testing' with GeneratedClass '/Game/levels/testing.testing_C' with ClassGeneratedBy '/Game/levels/testing.testing:PersistentLevel.testing'
[2020.04.07-20.55.42:591][ 78]LogDlgSystemEditor: Verbose: BeginPIE: Clearing Dialogue History
[2020.04.07-20.55.42:591][ 78]LogPlayLevel: PlayLevel: No blueprints needed recompiling
[2020.04.07-20.55.42:591][ 78]PIE: New page: PIE session: testing (Apr 7, 2020, 10:55:42 AM)
[2020.04.07-20.55.42:591][ 78]LogPlayLevel: Creating play world package: /Game/levels/UEDPIE_0_testing
[2020.04.07-20.55.42:595][ 78]LogPlayLevel: PIE: StaticDuplicateObject took: (0.004051s)
[2020.04.07-20.55.42:595][ 78]LogAIModule: Creating AISystem for world testing
[2020.04.07-20.55.42:595][ 78]LogPlayLevel: PIE: World Init took: (0.000489s)
[2020.04.07-20.55.42:595][ 78]LogPlayLevel: PIE: Created PIE world by copying editor world from /Game/levels/testing.testing to /Game/levels/UEDPIE_0_testing.testing (0.004652s)
[2020.04.07-20.55.42:652][ 78]LogUObjectHash: Compacting FUObjectHashTables data took   3.76ms
[2020.04.07-20.55.42:660][ 78]LogInit: XAudio2 using 'Speakers/Headphones (3- Realtek(R) Audio)' : 2 channels at 48 kHz using 32 bits per sample (channel mask 0x3)
[2020.04.07-20.55.42:696][ 78]LogInit: FAudioDevice initialized.
[2020.04.07-20.55.42:704][ 78]LogSlate: Updating window title bar state: overlay mode, drag disabled, window buttons hidden, title bar hidden
[2020.04.07-20.55.42:737][ 78]LogLoad: Game class is 'GameModeBase'
[2020.04.07-20.55.42:738][ 78]LogWorld: Bringing World /Game/levels/UEDPIE_0_testing.testing up for play (max tick rate 0) at 2020.04.07-15.55.42
[2020.04.07-20.55.42:738][ 78]LogWorld: Bringing up level for play took: 0.000720
[2020.04.07-20.55.42:753][ 78]PIE: Play in editor start time for /Game/levels/UEDPIE_0_testing -0.132
[2020.04.07-20.55.42:754][ 78]LogBlueprintUserMessages: Late PlayInEditor Detection: Level '/Game/levels/testing.testing:PersistentLevel' has LevelScriptBlueprint '/Game/levels/testing.testing:PersistentLevel.testing' with GeneratedClass '/Game/levels/testing.testing_C' with ClassGeneratedBy '/Game/levels/testing.testing:PersistentLevel.testing'
[2020.04.07-20.56.03:361][218]Cmd: OBJ SAVEPACKAGE PACKAGE="/Game/UI/w_dialogue" FILE="../../../../../../Users/timmy/OneDrive/Documents/Unreal Projects/vis_nov_repo/Content/UI/w_dialogue.uasset" SILENT=true
[2020.04.07-20.56.03:426][218]LogSavePackage: Moving '../../../../../../Users/timmy/OneDrive/Documents/Unreal Projects/vis_nov_repo/Saved/w_dialogue25A9EF894C078ABA0484CC88325C1E5B.tmp' to '../../../../../../Users/timmy/OneDrive/Documents/Unreal Projects/vis_nov_repo/Content/UI/w_dialogue.uasset'
[2020.04.07-20.56.06:604][524]LogBlueprintUserMessages: Early EndPlayMap Detection: Level '/Game/levels/testing.testing:PersistentLevel' has LevelScriptBlueprint '/Game/levels/testing.testing:PersistentLevel.testing' with GeneratedClass '/Game/levels/testing.testing_C' with ClassGeneratedBy '/Game/levels/testing.testing:PersistentLevel.testing'
[2020.04.07-20.56.06:604][524]LogSlate: Updating window title bar state: overlay mode, drag disabled, window buttons hidden, title bar hidden
[2020.04.07-20.56.06:616][524]LogSlate: Window 'Vis_Nov Game Preview Standalone (64-bit/PCD3D_SM5)' being destroyed
[2020.04.07-20.56.06:647][524]LogPlayLevel: Display: Shutting down PIE online subsystems
[2020.04.07-20.56.06:647][524]LogBlueprintUserMessages: Late EndPlayMap Detection: Level '/Game/levels/testing.testing:PersistentLevel' has LevelScriptBlueprint '/Game/levels/testing.testing:PersistentLevel.testing' with GeneratedClass '/Game/levels/testing.testing_C' with ClassGeneratedBy '/Game/levels/testing.testing:PersistentLevel.testing'
[2020.04.07-20.56.06:685][524]LogUObjectHash: Compacting FUObjectHashTables data took   2.25ms
[2020.04.07-20.56.06:739][526]LogPlayLevel: Display: Destroying online subsystem :Context_12
[2020.04.07-20.56.08:578][733]BlueprintLog: New page: Compile w_dialogue
[2020.04.07-20.56.08:627][733]LogUObjectHash: Compacting FUObjectHashTables data took   2.54ms
[2020.04.07-20.56.09:628][832]Cmd: OBJ SAVEPACKAGE PACKAGE="/Game/UI/w_dialogue" FILE="../../../../../../Users/timmy/OneDrive/Documents/Unreal Projects/vis_nov_repo/Content/UI/w_dialogue.uasset" SILENT=true
[2020.04.07-20.56.09:694][832]LogSavePackage: Moving '../../../../../../Users/timmy/OneDrive/Documents/Unreal Projects/vis_nov_repo/Saved/w_dialogueA12C247444554273F830BEBBEE1C6307.tmp' to '../../../../../../Users/timmy/OneDrive/Documents/Unreal Projects/vis_nov_repo/Content/UI/w_dialogue.uasset'
[2020.04.07-20.56.10:553][925]LogTemp: Repeating last play command: New Editor Window (PIE)
[2020.04.07-20.56.10:569][925]LogBlueprintUserMessages: Early PlayInEditor Detection: Level '/Game/levels/testing.testing:PersistentLevel' has LevelScriptBlueprint '/Game/levels/testing.testing:PersistentLevel.testing' with GeneratedClass '/Game/levels/testing.testing_C' with ClassGeneratedBy '/Game/levels/testing.testing:PersistentLevel.testing'
[2020.04.07-20.56.10:571][925]LogDlgSystemEditor: Verbose: BeginPIE: Clearing Dialogue History
[2020.04.07-20.56.10:571][925]LogPlayLevel: PlayLevel: No blueprints needed recompiling
[2020.04.07-20.56.10:571][925]PIE: New page: PIE session: testing (Apr 7, 2020, 10:56:10 AM)
[2020.04.07-20.56.10:571][925]LogPlayLevel: Creating play world package: /Game/levels/UEDPIE_0_testing
[2020.04.07-20.56.10:574][925]LogPlayLevel: PIE: StaticDuplicateObject took: (0.002932s)
[2020.04.07-20.56.10:574][925]LogAIModule: Creating AISystem for world testing
[2020.04.07-20.56.10:574][925]LogPlayLevel: PIE: World Init took: (0.000627s)
[2020.04.07-20.56.10:574][925]LogPlayLevel: PIE: Created PIE world by copying editor world from /Game/levels/testing.testing to /Game/levels/UEDPIE_0_testing.testing (0.003693s)
[2020.04.07-20.56.10:605][925]LogUObjectHash: Compacting FUObjectHashTables data took   2.58ms
[2020.04.07-20.56.10:613][925]LogInit: XAudio2 using 'Speakers/Headphones (3- Realtek(R) Audio)' : 2 channels at 48 kHz using 32 bits per sample (channel mask 0x3)
[2020.04.07-20.56.10:647][925]LogInit: FAudioDevice initialized.
[2020.04.07-20.56.10:654][925]LogSlate: Updating window title bar state: overlay mode, drag disabled, window buttons hidden, title bar hidden
[2020.04.07-20.56.10:687][925]LogLoad: Game class is 'GameModeBase'
[2020.04.07-20.56.10:688][925]LogWorld: Bringing World /Game/levels/UEDPIE_0_testing.testing up for play (max tick rate 0) at 2020.04.07-15.56.10
[2020.04.07-20.56.10:688][925]LogWorld: Bringing up level for play took: 0.000518
[2020.04.07-20.56.10:703][925]PIE: Play in editor start time for /Game/levels/UEDPIE_0_testing -0.183
[2020.04.07-20.56.10:703][925]LogBlueprintUserMessages: Late PlayInEditor Detection: Level '/Game/levels/testing.testing:PersistentLevel' has LevelScriptBlueprint '/Game/levels/testing.testing:PersistentLevel.testing' with GeneratedClass '/Game/levels/testing.testing_C' with ClassGeneratedBy '/Game/levels/testing.testing:PersistentLevel.testing'
[2020.04.07-20.56.14:193][245]LogSlate: Window 'Vis_Nov Game Preview Standalone (64-bit/PCD3D_SM5)' being destroyed
[2020.04.07-20.56.14:198][245]LogBlueprintUserMessages: Early EndPlayMap Detection: Level '/Game/levels/testing.testing:PersistentLevel' has LevelScriptBlueprint '/Game/levels/testing.testing:PersistentLevel.testing' with GeneratedClass '/Game/levels/testing.testing_C' with ClassGeneratedBy '/Game/levels/testing.testing:PersistentLevel.testing'
[2020.04.07-20.56.14:227][245]LogPlayLevel: Display: Shutting down PIE online subsystems
[2020.04.07-20.56.14:227][245]LogBlueprintUserMessages: Late EndPlayMap Detection: Level '/Game/levels/testing.testing:PersistentLevel' has LevelScriptBlueprint '/Game/levels/testing.testing:PersistentLevel.testing' with GeneratedClass '/Game/levels/testing.testing_C' with ClassGeneratedBy '/Game/levels/testing.testing:PersistentLevel.testing'
[2020.04.07-20.56.14:266][245]LogUObjectHash: Compacting FUObjectHashTables data took   2.00ms
[2020.04.07-20.56.14:312][246]LogPlayLevel: Display: Destroying online subsystem :Context_13
[2020.04.07-20.56.18:307][704]BlueprintLog: New page: Compile w_dialogue
[2020.04.07-20.56.18:356][704]LogUObjectHash: Compacting FUObjectHashTables data took   2.83ms
[2020.04.07-20.56.18:914][755]Cmd: OBJ SAVEPACKAGE PACKAGE="/Game/UI/w_dialogue" FILE="../../../../../../Users/timmy/OneDrive/Documents/Unreal Projects/vis_nov_repo/Content/UI/w_dialogue.uasset" SILENT=true
[2020.04.07-20.56.18:979][755]LogSavePackage: Moving '../../../../../../Users/timmy/OneDrive/Documents/Unreal Projects/vis_nov_repo/Saved/w_dialogueE819BBCF43C70B49BB0E10B511135F1A.tmp' to '../../../../../../Users/timmy/OneDrive/Documents/Unreal Projects/vis_nov_repo/Content/UI/w_dialogue.uasset'
[2020.04.07-20.56.19:886][852]LogTemp: Repeating last play command: New Editor Window (PIE)
[2020.04.07-20.56.19:903][852]LogBlueprintUserMessages: Early PlayInEditor Detection: Level '/Game/levels/testing.testing:PersistentLevel' has LevelScriptBlueprint '/Game/levels/testing.testing:PersistentLevel.testing' with GeneratedClass '/Game/levels/testing.testing_C' with ClassGeneratedBy '/Game/levels/testing.testing:PersistentLevel.testing'
[2020.04.07-20.56.19:903][852]LogDlgSystemEditor: Verbose: BeginPIE: Clearing Dialogue History
[2020.04.07-20.56.19:903][852]LogPlayLevel: PlayLevel: No blueprints needed recompiling
[2020.04.07-20.56.19:903][852]PIE: New page: PIE session: testing (Apr 7, 2020, 10:56:19 AM)
[2020.04.07-20.56.19:903][852]LogPlayLevel: Creating play world package: /Game/levels/UEDPIE_0_testing
[2020.04.07-20.56.19:905][852]LogPlayLevel: PIE: StaticDuplicateObject took: (0.002834s)
[2020.04.07-20.56.19:905][852]LogAIModule: Creating AISystem for world testing
[2020.04.07-20.56.19:905][852]LogPlayLevel: PIE: World Init took: (0.000447s)
[2020.04.07-20.56.19:906][852]LogPlayLevel: PIE: Created PIE world by copying editor world from /Game/levels/testing.testing to /Game/levels/UEDPIE_0_testing.testing (0.003390s)
[2020.04.07-20.56.19:936][852]LogUObjectHash: Compacting FUObjectHashTables data took   2.63ms
[2020.04.07-20.56.19:943][852]LogInit: XAudio2 using 'Speakers/Headphones (3- Realtek(R) Audio)' : 2 channels at 48 kHz using 32 bits per sample (channel mask 0x3)
[2020.04.07-20.56.19:978][852]LogInit: FAudioDevice initialized.
[2020.04.07-20.56.19:986][852]LogSlate: Updating window title bar state: overlay mode, drag disabled, window buttons hidden, title bar hidden
[2020.04.07-20.56.20:018][852]LogLoad: Game class is 'GameModeBase'
[2020.04.07-20.56.20:019][852]LogWorld: Bringing World /Game/levels/UEDPIE_0_testing.testing up for play (max tick rate 0) at 2020.04.07-15.56.20
[2020.04.07-20.56.20:019][852]LogWorld: Bringing up level for play took: 0.000661
[2020.04.07-20.56.20:035][852]PIE: Play in editor start time for /Game/levels/UEDPIE_0_testing -0.851
[2020.04.07-20.56.20:035][852]LogBlueprintUserMessages: Late PlayInEditor Detection: Level '/Game/levels/testing.testing:PersistentLevel' has LevelScriptBlueprint '/Game/levels/testing.testing:PersistentLevel.testing' with GeneratedClass '/Game/levels/testing.testing_C' with ClassGeneratedBy '/Game/levels/testing.testing:PersistentLevel.testing'
[2020.04.07-20.57.02:271][257]LogBlueprintUserMessages: Early EndPlayMap Detection: Level '/Game/levels/testing.testing:PersistentLevel' has LevelScriptBlueprint '/Game/levels/testing.testing:PersistentLevel.testing' with GeneratedClass '/Game/levels/testing.testing_C' with ClassGeneratedBy '/Game/levels/testing.testing:PersistentLevel.testing'
[2020.04.07-20.57.02:271][257]LogSlate: Updating window title bar state: overlay mode, drag disabled, window buttons hidden, title bar hidden
[2020.04.07-20.57.02:284][257]LogSlate: Window 'Vis_Nov Game Preview Standalone (64-bit/PCD3D_SM5)' being destroyed
[2020.04.07-20.57.02:314][257]LogPlayLevel: Display: Shutting down PIE online subsystems
[2020.04.07-20.57.02:315][257]LogBlueprintUserMessages: Late EndPlayMap Detection: Level '/Game/levels/testing.testing:PersistentLevel' has LevelScriptBlueprint '/Game/levels/testing.testing:PersistentLevel.testing' with GeneratedClass '/Game/levels/testing.testing_C' with ClassGeneratedBy '/Game/levels/testing.testing:PersistentLevel.testing'
[2020.04.07-20.57.02:356][257]LogUObjectHash: Compacting FUObjectHashTables data took   2.14ms
[2020.04.07-20.57.02:413][259]LogPlayLevel: Display: Destroying online subsystem :Context_14
[2020.04.07-20.57.03:412][369]BlueprintLog: New page: Compile w_dialogue
[2020.04.07-20.57.03:461][369]LogUObjectHash: Compacting FUObjectHashTables data took   2.72ms
[2020.04.07-20.57.04:145][432]Cmd: OBJ SAVEPACKAGE PACKAGE="/Game/UI/w_dialogue" FILE="../../../../../../Users/timmy/OneDrive/Documents/Unreal Projects/vis_nov_repo/Content/UI/w_dialogue.uasset" SILENT=true
[2020.04.07-20.57.04:215][432]LogSavePackage: Moving '../../../../../../Users/timmy/OneDrive/Documents/Unreal Projects/vis_nov_repo/Saved/w_dialogueCF06AA0F4EF990741057BCAC28200935.tmp' to '../../../../../../Users/timmy/OneDrive/Documents/Unreal Projects/vis_nov_repo/Content/UI/w_dialogue.uasset'
